"2022-07-05 00:00:46 [main] INFO  c.c.d.controller.StockControllerTest - Starting StockControllerTest using Java 16.0.1 on LAPTOP-CJKHE4KD with PID 72748 (started by mdsai in C:\Users\mdsai\Downloads\5_6143241665072072678\Portfolio project\DailySharePrice1\DailySharePrice)
""2022-07-05 00:00:46 [main] INFO  c.c.d.controller.StockControllerTest - No active profile set, falling back to 1 default profile: "default"
""2022-07-05 00:00:48 [main] INFO  o.s.b.t.m.w.SpringBootMockServletContext - Initializing Spring TestDispatcherServlet ''
""2022-07-05 00:00:48 [main] INFO  o.s.t.w.s.TestDispatcherServlet - Initializing Servlet ''
""2022-07-05 00:00:48 [main] INFO  o.s.t.w.s.TestDispatcherServlet - Completed initialization in 2 ms
""2022-07-05 00:00:48 [main] INFO  c.c.d.controller.StockControllerTest - Started StockControllerTest in 2.856 seconds (JVM running for 3.742)
""2022-07-05 00:00:48 [main] INFO  c.c.d.controller.StockController - fetching Stock Details using stockName
""2022-07-05 00:00:48 [main] INFO  o.s.b.t.c.SpringBootTestContextBootstrapper - Neither @ContextConfiguration nor @ContextHierarchy found for test class [com.cts.dailyshareprice.DailySharePriceApplicationTests], using SpringBootContextLoader
""2022-07-05 00:00:48 [main] INFO  o.s.t.c.s.AbstractContextLoader - Could not detect default resource locations for test class [com.cts.dailyshareprice.DailySharePriceApplicationTests]: no resource found for suffixes {-context.xml, Context.groovy}.
""2022-07-05 00:00:48 [main] INFO  o.s.t.c.s.AnnotationConfigContextLoaderUtils - Could not detect default configuration classes for test class [com.cts.dailyshareprice.DailySharePriceApplicationTests]: DailySharePriceApplicationTests does not declare any static, non-private, non-final, nested classes annotated with @Configuration.
""2022-07-05 00:00:48 [main] INFO  o.s.b.t.c.SpringBootTestContextBootstrapper - Found @SpringBootConfiguration com.cts.dailyshareprice.DailySharePriceApplication for test class com.cts.dailyshareprice.DailySharePriceApplicationTests
""2022-07-05 00:00:48 [main] INFO  o.s.b.t.c.SpringBootTestContextBootstrapper - Loaded default TestExecutionListener class names from location [META-INF/spring.factories]: [org.springframework.boot.test.mock.mockito.MockitoTestExecutionListener, org.springframework.boot.test.mock.mockito.ResetMocksTestExecutionListener, org.springframework.boot.test.autoconfigure.restdocs.RestDocsTestExecutionListener, org.springframework.boot.test.autoconfigure.web.client.MockRestServiceServerResetTestExecutionListener, org.springframework.boot.test.autoconfigure.web.servlet.MockMvcPrintOnlyOnFailureTestExecutionListener, org.springframework.boot.test.autoconfigure.web.servlet.WebDriverTestExecutionListener, org.springframework.boot.test.autoconfigure.webservices.client.MockWebServiceServerTestExecutionListener, org.springframework.test.context.web.ServletTestExecutionListener, org.springframework.test.context.support.DirtiesContextBeforeModesTestExecutionListener, org.springframework.test.context.event.ApplicationEventsTestExecutionListener, org.springframework.test.context.support.DependencyInjectionTestExecutionListener, org.springframework.test.context.support.DirtiesContextTestExecutionListener, org.springframework.test.context.transaction.TransactionalTestExecutionListener, org.springframework.test.context.jdbc.SqlScriptsTestExecutionListener, org.springframework.test.context.event.EventPublishingTestExecutionListener]
""2022-07-05 00:00:48 [main] INFO  o.s.b.t.c.SpringBootTestContextBootstrapper - Using TestExecutionListeners: [org.springframework.test.context.web.ServletTestExecutionListener@3e5ebdfe, org.springframework.test.context.support.DirtiesContextBeforeModesTestExecutionListener@71668a67, org.springframework.test.context.event.ApplicationEventsTestExecutionListener@3ff26c9, org.springframework.boot.test.mock.mockito.MockitoTestExecutionListener@2ecdcfe3, org.springframework.boot.test.autoconfigure.SpringBootDependencyInjectionTestExecutionListener@65b73689, org.springframework.test.context.support.DirtiesContextTestExecutionListener@2047adea, org.springframework.test.context.transaction.TransactionalTestExecutionListener@5af40e45, org.springframework.test.context.jdbc.SqlScriptsTestExecutionListener@1a06602f, org.springframework.test.context.event.EventPublishingTestExecutionListener@46591e98, org.springframework.boot.test.mock.mockito.ResetMocksTestExecutionListener@5b6cc344, org.springframework.boot.test.autoconfigure.restdocs.RestDocsTestExecutionListener@2110684a, org.springframework.boot.test.autoconfigure.web.client.MockRestServiceServerResetTestExecutionListener@83e635f, org.springframework.boot.test.autoconfigure.web.servlet.MockMvcPrintOnlyOnFailureTestExecutionListener@61d011e, org.springframework.boot.test.autoconfigure.web.servlet.WebDriverTestExecutionListener@3b56947a, org.springframework.boot.test.autoconfigure.webservices.client.MockWebServiceServerTestExecutionListener@1926f962]
""2022-07-05 00:00:49 [main] INFO  c.c.d.DailySharePriceApplicationTests - Starting DailySharePriceApplicationTests using Java 16.0.1 on LAPTOP-CJKHE4KD with PID 72748 (started by mdsai in C:\Users\mdsai\Downloads\5_6143241665072072678\Portfolio project\DailySharePrice1\DailySharePrice)
""2022-07-05 00:00:49 [main] INFO  c.c.d.DailySharePriceApplicationTests - No active profile set, falling back to 1 default profile: "default"
""2022-07-05 00:00:49 [main] INFO  o.s.d.r.c.RepositoryConfigurationDelegate - Bootstrapping Spring Data JPA repositories in DEFAULT mode.
""2022-07-05 00:00:49 [main] INFO  o.s.d.r.c.RepositoryConfigurationDelegate - Finished Spring Data repository scanning in 38 ms. Found 1 JPA repository interfaces.
""2022-07-05 00:00:49 [main] INFO  o.s.cloud.context.scope.GenericScope - BeanFactory id=109bdc88-ebfb-360d-be19-7e3371642d53
""2022-07-05 00:00:49 [main] INFO  com.zaxxer.hikari.HikariDataSource - HikariPool-1 - Starting...
""2022-07-05 00:00:50 [main] INFO  com.zaxxer.hikari.HikariDataSource - HikariPool-1 - Start completed.
""2022-07-05 00:00:50 [main] INFO  o.h.jpa.internal.util.LogHelper - HHH000204: Processing PersistenceUnitInfo [name: default]
""2022-07-05 00:00:50 [main] INFO  org.hibernate.Version - HHH000412: Hibernate ORM core version 5.6.5.Final
""2022-07-05 00:00:50 [main] INFO  o.h.annotations.common.Version - HCANN000001: Hibernate Commons Annotations {5.1.2.Final}
""2022-07-05 00:00:50 [main] INFO  org.hibernate.dialect.Dialect - HHH000400: Using dialect: org.hibernate.dialect.H2Dialect
""2022-07-05 00:00:50 [main] INFO  o.h.e.t.j.p.i.JtaPlatformInitiator - HHH000490: Using JtaPlatform implementation: [org.hibernate.engine.transaction.jta.platform.internal.NoJtaPlatform]
""2022-07-05 00:00:50 [main] INFO  o.s.o.j.LocalContainerEntityManagerFactoryBean - Initialized JPA EntityManagerFactory for persistence unit 'default'
""2022-07-05 00:00:51 [main] WARN  o.s.b.a.o.j.JpaBaseConfiguration$JpaWebConfiguration - spring.jpa.open-in-view is enabled by default. Therefore, database queries may be performed during view rendering. Explicitly configure spring.jpa.open-in-view to disable this warning
""2022-07-05 00:00:51 [main] INFO  o.s.b.a.h.H2ConsoleAutoConfiguration - H2 console available at '/h2-console'. Database available at 'jdbc:h2:mem:pms'
""2022-07-05 00:00:52 [main] INFO  c.c.d.DailySharePriceApplicationTests - Started DailySharePriceApplicationTests in 3.264 seconds (JVM running for 7.175)
""2022-07-05 00:00:52 [main] INFO  o.s.b.t.c.SpringBootTestContextBootstrapper - Neither @ContextConfiguration nor @ContextHierarchy found for test class [com.cts.dailyshareprice.model.StockTest], using SpringBootContextLoader
""2022-07-05 00:00:52 [main] INFO  o.s.t.c.s.AbstractContextLoader - Could not detect default resource locations for test class [com.cts.dailyshareprice.model.StockTest]: no resource found for suffixes {-context.xml, Context.groovy}.
""2022-07-05 00:00:52 [main] INFO  o.s.t.c.s.AnnotationConfigContextLoaderUtils - Could not detect default configuration classes for test class [com.cts.dailyshareprice.model.StockTest]: StockTest does not declare any static, non-private, non-final, nested classes annotated with @Configuration.
""2022-07-05 00:00:52 [main] INFO  o.s.b.t.c.SpringBootTestContextBootstrapper - Found @SpringBootConfiguration com.cts.dailyshareprice.DailySharePriceApplication for test class com.cts.dailyshareprice.model.StockTest
""2022-07-05 00:00:52 [main] INFO  o.s.b.t.c.SpringBootTestContextBootstrapper - Loaded default TestExecutionListener class names from location [META-INF/spring.factories]: [org.springframework.boot.test.mock.mockito.MockitoTestExecutionListener, org.springframework.boot.test.mock.mockito.ResetMocksTestExecutionListener, org.springframework.boot.test.autoconfigure.restdocs.RestDocsTestExecutionListener, org.springframework.boot.test.autoconfigure.web.client.MockRestServiceServerResetTestExecutionListener, org.springframework.boot.test.autoconfigure.web.servlet.MockMvcPrintOnlyOnFailureTestExecutionListener, org.springframework.boot.test.autoconfigure.web.servlet.WebDriverTestExecutionListener, org.springframework.boot.test.autoconfigure.webservices.client.MockWebServiceServerTestExecutionListener, org.springframework.test.context.web.ServletTestExecutionListener, org.springframework.test.context.support.DirtiesContextBeforeModesTestExecutionListener, org.springframework.test.context.event.ApplicationEventsTestExecutionListener, org.springframework.test.context.support.DependencyInjectionTestExecutionListener, org.springframework.test.context.support.DirtiesContextTestExecutionListener, org.springframework.test.context.transaction.TransactionalTestExecutionListener, org.springframework.test.context.jdbc.SqlScriptsTestExecutionListener, org.springframework.test.context.event.EventPublishingTestExecutionListener]
""2022-07-05 00:00:52 [main] INFO  o.s.b.t.c.SpringBootTestContextBootstrapper - Using TestExecutionListeners: [org.springframework.test.context.web.ServletTestExecutionListener@5f84e764, org.springframework.test.context.support.DirtiesContextBeforeModesTestExecutionListener@5eaab295, org.springframework.test.context.event.ApplicationEventsTestExecutionListener@1e95fc31, org.springframework.boot.test.mock.mockito.MockitoTestExecutionListener@395ac2e5, org.springframework.boot.test.autoconfigure.SpringBootDependencyInjectionTestExecutionListener@419dbd6d, org.springframework.test.context.support.DirtiesContextTestExecutionListener@4a2891d1, org.springframework.test.context.transaction.TransactionalTestExecutionListener@7b6d88d1, org.springframework.test.context.jdbc.SqlScriptsTestExecutionListener@14cf30b3, org.springframework.test.context.event.EventPublishingTestExecutionListener@38159192, org.springframework.boot.test.mock.mockito.ResetMocksTestExecutionListener@363d3958, org.springframework.boot.test.autoconfigure.restdocs.RestDocsTestExecutionListener@2181144e, org.springframework.boot.test.autoconfigure.web.client.MockRestServiceServerResetTestExecutionListener@4ca6e265, org.springframework.boot.test.autoconfigure.web.servlet.MockMvcPrintOnlyOnFailureTestExecutionListener@582b6362, org.springframework.boot.test.autoconfigure.web.servlet.WebDriverTestExecutionListener@70376c6, org.springframework.boot.test.autoconfigure.webservices.client.MockWebServiceServerTestExecutionListener@2e89310c]
""2022-07-05 00:00:52 [main] INFO  o.s.b.t.c.SpringBootTestContextBootstrapper - Neither @ContextConfiguration nor @ContextHierarchy found for test class [com.cts.dailyshareprice.service.StockServiceTest], using SpringBootContextLoader
""2022-07-05 00:00:52 [main] INFO  o.s.t.c.s.AbstractContextLoader - Could not detect default resource locations for test class [com.cts.dailyshareprice.service.StockServiceTest]: no resource found for suffixes {-context.xml, Context.groovy}.
""2022-07-05 00:00:52 [main] INFO  o.s.t.c.s.AnnotationConfigContextLoaderUtils - Could not detect default configuration classes for test class [com.cts.dailyshareprice.service.StockServiceTest]: StockServiceTest does not declare any static, non-private, non-final, nested classes annotated with @Configuration.
""2022-07-05 00:00:52 [main] INFO  o.s.b.t.c.SpringBootTestContextBootstrapper - Found @SpringBootConfiguration com.cts.dailyshareprice.DailySharePriceApplication for test class com.cts.dailyshareprice.service.StockServiceTest
""2022-07-05 00:00:52 [main] INFO  o.s.b.t.c.SpringBootTestContextBootstrapper - Loaded default TestExecutionListener class names from location [META-INF/spring.factories]: [org.springframework.boot.test.mock.mockito.MockitoTestExecutionListener, org.springframework.boot.test.mock.mockito.ResetMocksTestExecutionListener, org.springframework.boot.test.autoconfigure.restdocs.RestDocsTestExecutionListener, org.springframework.boot.test.autoconfigure.web.client.MockRestServiceServerResetTestExecutionListener, org.springframework.boot.test.autoconfigure.web.servlet.MockMvcPrintOnlyOnFailureTestExecutionListener, org.springframework.boot.test.autoconfigure.web.servlet.WebDriverTestExecutionListener, org.springframework.boot.test.autoconfigure.webservices.client.MockWebServiceServerTestExecutionListener, org.springframework.test.context.web.ServletTestExecutionListener, org.springframework.test.context.support.DirtiesContextBeforeModesTestExecutionListener, org.springframework.test.context.event.ApplicationEventsTestExecutionListener, org.springframework.test.context.support.DependencyInjectionTestExecutionListener, org.springframework.test.context.support.DirtiesContextTestExecutionListener, org.springframework.test.context.transaction.TransactionalTestExecutionListener, org.springframework.test.context.jdbc.SqlScriptsTestExecutionListener, org.springframework.test.context.event.EventPublishingTestExecutionListener]
""2022-07-05 00:00:52 [main] INFO  o.s.b.t.c.SpringBootTestContextBootstrapper - Using TestExecutionListeners: [org.springframework.test.context.web.ServletTestExecutionListener@466a5b80, org.springframework.test.context.support.DirtiesContextBeforeModesTestExecutionListener@f6921b7, org.springframework.test.context.event.ApplicationEventsTestExecutionListener@19cee7ed, org.springframework.boot.test.mock.mockito.MockitoTestExecutionListener@4e8e0052, org.springframework.boot.test.autoconfigure.SpringBootDependencyInjectionTestExecutionListener@5a2ce458, org.springframework.test.context.support.DirtiesContextTestExecutionListener@1c8e1233, org.springframework.test.context.transaction.TransactionalTestExecutionListener@72117fc0, org.springframework.test.context.jdbc.SqlScriptsTestExecutionListener@4ca37d40, org.springframework.test.context.event.EventPublishingTestExecutionListener@71904ea8, org.springframework.boot.test.mock.mockito.ResetMocksTestExecutionListener@1d63c523, org.springframework.boot.test.autoconfigure.restdocs.RestDocsTestExecutionListener@64f55630, org.springframework.boot.test.autoconfigure.web.client.MockRestServiceServerResetTestExecutionListener@336b6e93, org.springframework.boot.test.autoconfigure.web.servlet.MockMvcPrintOnlyOnFailureTestExecutionListener@40fd9358, org.springframework.boot.test.autoconfigure.web.servlet.WebDriverTestExecutionListener@43b41cb9, org.springframework.boot.test.autoconfigure.webservices.client.MockWebServiceServerTestExecutionListener@d3e9629]
""2022-07-05 00:00:52 [main] INFO  c.c.d.service.StockServiceTest - Starting StockServiceTest using Java 16.0.1 on LAPTOP-CJKHE4KD with PID 72748 (started by mdsai in C:\Users\mdsai\Downloads\5_6143241665072072678\Portfolio project\DailySharePrice1\DailySharePrice)
""2022-07-05 00:00:52 [main] INFO  c.c.d.service.StockServiceTest - No active profile set, falling back to 1 default profile: "default"
""2022-07-05 00:00:52 [main] INFO  o.s.d.r.c.RepositoryConfigurationDelegate - Bootstrapping Spring Data JPA repositories in DEFAULT mode.
""2022-07-05 00:00:52 [main] INFO  o.s.d.r.c.RepositoryConfigurationDelegate - Finished Spring Data repository scanning in 10 ms. Found 1 JPA repository interfaces.
""2022-07-05 00:00:52 [main] INFO  o.s.cloud.context.scope.GenericScope - BeanFactory id=109bdc88-ebfb-360d-be19-7e3371642d53
""2022-07-05 00:00:52 [main] INFO  com.zaxxer.hikari.HikariDataSource - HikariPool-2 - Starting...
""2022-07-05 00:00:52 [main] INFO  com.zaxxer.hikari.HikariDataSource - HikariPool-2 - Start completed.
""2022-07-05 00:00:52 [main] INFO  o.h.jpa.internal.util.LogHelper - HHH000204: Processing PersistenceUnitInfo [name: default]
""2022-07-05 00:00:52 [main] INFO  org.hibernate.dialect.Dialect - HHH000400: Using dialect: org.hibernate.dialect.H2Dialect
""2022-07-05 00:00:52 [main] INFO  o.h.e.t.j.p.i.JtaPlatformInitiator - HHH000490: Using JtaPlatform implementation: [org.hibernate.engine.transaction.jta.platform.internal.NoJtaPlatform]
""2022-07-05 00:00:52 [main] INFO  o.s.o.j.LocalContainerEntityManagerFactoryBean - Initialized JPA EntityManagerFactory for persistence unit 'default'
""2022-07-05 00:00:52 [main] WARN  o.s.b.a.o.j.JpaBaseConfiguration$JpaWebConfiguration - spring.jpa.open-in-view is enabled by default. Therefore, database queries may be performed during view rendering. Explicitly configure spring.jpa.open-in-view to disable this warning
""2022-07-05 00:00:53 [main] INFO  o.s.b.a.h.H2ConsoleAutoConfiguration - H2 console available at '/h2-console'. Database available at 'jdbc:h2:mem:pms'
""2022-07-05 00:00:53 [main] INFO  c.c.d.service.StockServiceTest - Started StockServiceTest in 1.3 seconds (JVM running for 8.606)
""2022-07-05 00:00:53 [SpringApplicationShutdownHook] INFO  o.s.o.j.LocalContainerEntityManagerFactoryBean - Closing JPA EntityManagerFactory for persistence unit 'default'
""2022-07-05 00:00:53 [SpringApplicationShutdownHook] INFO  com.zaxxer.hikari.HikariDataSource - HikariPool-1 - Shutdown initiated...
""2022-07-05 00:00:53 [SpringApplicationShutdownHook] INFO  com.zaxxer.hikari.HikariDataSource - HikariPool-1 - Shutdown completed.
""2022-07-05 00:00:53 [SpringApplicationShutdownHook] INFO  o.s.o.j.LocalContainerEntityManagerFactoryBean - Closing JPA EntityManagerFactory for persistence unit 'default'
""2022-07-05 00:00:53 [SpringApplicationShutdownHook] INFO  com.zaxxer.hikari.HikariDataSource - HikariPool-2 - Shutdown initiated...
""2022-07-05 00:00:53 [SpringApplicationShutdownHook] INFO  com.zaxxer.hikari.HikariDataSource - HikariPool-2 - Shutdown completed.
""2022-07-05 00:51:22 [restartedMain] INFO  c.c.d.DailySharePriceApplication - Starting DailySharePriceApplication using Java 16.0.1 on LAPTOP-CJKHE4KD with PID 14164 (C:\Users\mdsai\Downloads\5_6143241665072072678\Portfolio project\DailySharePrice1\DailySharePrice\target\classes started by mdsai in C:\Users\mdsai\Downloads\5_6143241665072072678\Portfolio project\DailySharePrice1\DailySharePrice)
""2022-07-05 00:51:22 [restartedMain] INFO  c.c.d.DailySharePriceApplication - No active profile set, falling back to 1 default profile: "default"
""2022-07-05 00:51:22 [restartedMain] INFO  o.s.b.d.e.DevToolsPropertyDefaultsPostProcessor - Devtools property defaults active! Set 'spring.devtools.add-properties' to 'false' to disable
""2022-07-05 00:51:22 [restartedMain] INFO  o.s.b.d.e.DevToolsPropertyDefaultsPostProcessor - For additional web related logging consider setting the 'logging.level.web' property to 'DEBUG'
""2022-07-05 00:51:23 [restartedMain] INFO  o.s.d.r.c.RepositoryConfigurationDelegate - Bootstrapping Spring Data JPA repositories in DEFAULT mode.
""2022-07-05 00:51:23 [restartedMain] INFO  o.s.d.r.c.RepositoryConfigurationDelegate - Finished Spring Data repository scanning in 82 ms. Found 1 JPA repository interfaces.
""2022-07-05 00:51:23 [restartedMain] INFO  o.s.cloud.context.scope.GenericScope - BeanFactory id=06edcab2-3d4f-375c-b803-7ee141e7ed09
""2022-07-05 00:51:24 [restartedMain] INFO  o.s.b.w.e.tomcat.TomcatWebServer - Tomcat initialized with port(s): 8082 (http)
""2022-07-05 00:51:24 [restartedMain] INFO  o.a.catalina.core.StandardService - Starting service [Tomcat]
""2022-07-05 00:51:24 [restartedMain] INFO  o.a.catalina.core.StandardEngine - Starting Servlet engine: [Apache Tomcat/9.0.58]
""2022-07-05 00:51:25 [restartedMain] INFO  o.a.c.c.C.[Tomcat].[localhost].[/] - Initializing Spring embedded WebApplicationContext
""2022-07-05 00:51:25 [restartedMain] INFO  o.s.b.w.s.c.ServletWebServerApplicationContext - Root WebApplicationContext: initialization completed in 2756 ms
""2022-07-05 00:51:25 [restartedMain] INFO  com.zaxxer.hikari.HikariDataSource - HikariPool-1 - Starting...
""2022-07-05 00:51:25 [restartedMain] INFO  com.zaxxer.hikari.HikariDataSource - HikariPool-1 - Start completed.
""2022-07-05 00:51:25 [restartedMain] INFO  o.s.b.a.h.H2ConsoleAutoConfiguration - H2 console available at '/h2-console'. Database available at 'jdbc:h2:mem:pms'
""2022-07-05 00:51:25 [restartedMain] INFO  o.h.jpa.internal.util.LogHelper - HHH000204: Processing PersistenceUnitInfo [name: default]
""2022-07-05 00:51:25 [restartedMain] INFO  org.hibernate.Version - HHH000412: Hibernate ORM core version 5.6.5.Final
""2022-07-05 00:51:25 [restartedMain] INFO  o.h.annotations.common.Version - HCANN000001: Hibernate Commons Annotations {5.1.2.Final}
""2022-07-05 00:51:26 [restartedMain] INFO  org.hibernate.dialect.Dialect - HHH000400: Using dialect: org.hibernate.dialect.H2Dialect
""2022-07-05 00:51:26 [restartedMain] INFO  o.h.e.t.j.p.i.JtaPlatformInitiator - HHH000490: Using JtaPlatform implementation: [org.hibernate.engine.transaction.jta.platform.internal.NoJtaPlatform]
""2022-07-05 00:51:26 [restartedMain] INFO  o.s.o.j.LocalContainerEntityManagerFactoryBean - Initialized JPA EntityManagerFactory for persistence unit 'default'
""2022-07-05 00:51:27 [restartedMain] WARN  o.s.b.a.o.j.JpaBaseConfiguration$JpaWebConfiguration - spring.jpa.open-in-view is enabled by default. Therefore, database queries may be performed during view rendering. Explicitly configure spring.jpa.open-in-view to disable this warning
""2022-07-05 00:51:27 [restartedMain] INFO  o.s.b.d.a.OptionalLiveReloadServer - LiveReload server is running on port 35729
""2022-07-05 00:51:28 [restartedMain] INFO  o.s.b.w.e.tomcat.TomcatWebServer - Tomcat started on port(s): 8082 (http) with context path ''
""2022-07-05 00:51:28 [restartedMain] INFO  c.c.d.DailySharePriceApplication - Started DailySharePriceApplication in 6.848 seconds (JVM running for 7.573)
""2022-07-05 00:52:24 [Thread-6] INFO  o.s.o.j.LocalContainerEntityManagerFactoryBean - Closing JPA EntityManagerFactory for persistence unit 'default'
""2022-07-05 00:52:25 [Thread-6] WARN  o.s.b.f.s.DisposableBeanAdapter - Invocation of destroy method failed on bean with name 'inMemoryDatabaseShutdownExecutor': org.h2.jdbc.JdbcSQLNonTransientConnectionException: Database is already closed (to disable automatic closing at VM shutdown, add ";DB_CLOSE_ON_EXIT=FALSE" to the db URL) [90121-200]
""2022-07-05 00:52:25 [Thread-6] INFO  com.zaxxer.hikari.HikariDataSource - HikariPool-1 - Shutdown initiated...
""2022-07-05 00:52:25 [Thread-6] INFO  com.zaxxer.hikari.HikariDataSource - HikariPool-1 - Shutdown completed.
""2022-07-05 09:33:26 [restartedMain] INFO  c.c.d.DailySharePriceApplication - Starting DailySharePriceApplication using Java 16.0.1 on LAPTOP-CJKHE4KD with PID 6660 (C:\Users\mdsai\Downloads\5_6143241665072072678\Portfolio project\DailySharePrice1\DailySharePrice\target\classes started by mdsai in C:\Users\mdsai\Downloads\5_6143241665072072678\Portfolio project\DailySharePrice1\DailySharePrice)
""2022-07-05 09:33:26 [restartedMain] INFO  c.c.d.DailySharePriceApplication - No active profile set, falling back to 1 default profile: "default"
""2022-07-05 09:33:27 [restartedMain] INFO  o.s.b.d.e.DevToolsPropertyDefaultsPostProcessor - Devtools property defaults active! Set 'spring.devtools.add-properties' to 'false' to disable
""2022-07-05 09:33:27 [restartedMain] INFO  o.s.b.d.e.DevToolsPropertyDefaultsPostProcessor - For additional web related logging consider setting the 'logging.level.web' property to 'DEBUG'
""2022-07-05 09:33:27 [restartedMain] INFO  o.s.d.r.c.RepositoryConfigurationDelegate - Bootstrapping Spring Data JPA repositories in DEFAULT mode.
""2022-07-05 09:33:28 [restartedMain] INFO  o.s.d.r.c.RepositoryConfigurationDelegate - Finished Spring Data repository scanning in 52 ms. Found 1 JPA repository interfaces.
""2022-07-05 09:33:28 [restartedMain] INFO  o.s.cloud.context.scope.GenericScope - BeanFactory id=06edcab2-3d4f-375c-b803-7ee141e7ed09
""2022-07-05 09:33:28 [restartedMain] INFO  o.s.b.w.e.tomcat.TomcatWebServer - Tomcat initialized with port(s): 8082 (http)
""2022-07-05 09:33:28 [restartedMain] INFO  o.a.catalina.core.StandardService - Starting service [Tomcat]
""2022-07-05 09:33:28 [restartedMain] INFO  o.a.catalina.core.StandardEngine - Starting Servlet engine: [Apache Tomcat/9.0.58]
""2022-07-05 09:33:29 [restartedMain] INFO  o.a.c.c.C.[Tomcat].[localhost].[/] - Initializing Spring embedded WebApplicationContext
""2022-07-05 09:33:29 [restartedMain] INFO  o.s.b.w.s.c.ServletWebServerApplicationContext - Root WebApplicationContext: initialization completed in 2048 ms
""2022-07-05 09:33:29 [restartedMain] INFO  com.zaxxer.hikari.HikariDataSource - HikariPool-1 - Starting...
""2022-07-05 09:33:29 [restartedMain] INFO  com.zaxxer.hikari.HikariDataSource - HikariPool-1 - Start completed.
""2022-07-05 09:33:29 [restartedMain] INFO  o.s.b.a.h.H2ConsoleAutoConfiguration - H2 console available at '/h2-console'. Database available at 'jdbc:h2:mem:pms'
""2022-07-05 09:33:29 [restartedMain] INFO  o.h.jpa.internal.util.LogHelper - HHH000204: Processing PersistenceUnitInfo [name: default]
""2022-07-05 09:33:29 [restartedMain] INFO  org.hibernate.Version - HHH000412: Hibernate ORM core version 5.6.5.Final
""2022-07-05 09:33:29 [restartedMain] INFO  o.h.annotations.common.Version - HCANN000001: Hibernate Commons Annotations {5.1.2.Final}
""2022-07-05 09:33:29 [restartedMain] INFO  org.hibernate.dialect.Dialect - HHH000400: Using dialect: org.hibernate.dialect.H2Dialect
""2022-07-05 09:33:30 [restartedMain] INFO  o.h.e.t.j.p.i.JtaPlatformInitiator - HHH000490: Using JtaPlatform implementation: [org.hibernate.engine.transaction.jta.platform.internal.NoJtaPlatform]
""2022-07-05 09:33:30 [restartedMain] INFO  o.s.o.j.LocalContainerEntityManagerFactoryBean - Initialized JPA EntityManagerFactory for persistence unit 'default'
""2022-07-05 09:33:30 [restartedMain] WARN  o.s.b.a.o.j.JpaBaseConfiguration$JpaWebConfiguration - spring.jpa.open-in-view is enabled by default. Therefore, database queries may be performed during view rendering. Explicitly configure spring.jpa.open-in-view to disable this warning
""2022-07-05 09:33:30 [restartedMain] WARN  o.s.b.d.a.OptionalLiveReloadServer - Unable to start LiveReload server
""2022-07-05 09:33:31 [restartedMain] INFO  o.s.b.w.e.tomcat.TomcatWebServer - Tomcat started on port(s): 8082 (http) with context path ''
""2022-07-05 09:33:31 [restartedMain] INFO  c.c.d.DailySharePriceApplication - Started DailySharePriceApplication in 5.192 seconds (JVM running for 5.7)
""2022-07-05 09:41:39 [main] INFO  c.c.d.DailySharePriceApplicationTests - Starting DailySharePriceApplicationTests using Java 16.0.1 on LAPTOP-CJKHE4KD with PID 20496 (started by mdsai in C:\Users\mdsai\Downloads\5_6143241665072072678\Portfolio project\DailySharePrice1\DailySharePrice)
""2022-07-05 09:41:39 [main] INFO  c.c.d.DailySharePriceApplicationTests - No active profile set, falling back to 1 default profile: "default"
""2022-07-05 09:41:40 [main] INFO  o.s.d.r.c.RepositoryConfigurationDelegate - Bootstrapping Spring Data JPA repositories in DEFAULT mode.
""2022-07-05 09:41:40 [main] INFO  o.s.d.r.c.RepositoryConfigurationDelegate - Finished Spring Data repository scanning in 44 ms. Found 1 JPA repository interfaces.
""2022-07-05 09:41:40 [main] INFO  o.s.cloud.context.scope.GenericScope - BeanFactory id=109bdc88-ebfb-360d-be19-7e3371642d53
""2022-07-05 09:41:40 [main] INFO  com.zaxxer.hikari.HikariDataSource - HikariPool-1 - Starting...
""2022-07-05 09:41:40 [main] INFO  com.zaxxer.hikari.HikariDataSource - HikariPool-1 - Start completed.
""2022-07-05 09:41:40 [main] INFO  o.h.jpa.internal.util.LogHelper - HHH000204: Processing PersistenceUnitInfo [name: default]
""2022-07-05 09:41:41 [main] INFO  org.hibernate.Version - HHH000412: Hibernate ORM core version 5.6.5.Final
""2022-07-05 09:41:41 [main] INFO  o.h.annotations.common.Version - HCANN000001: Hibernate Commons Annotations {5.1.2.Final}
""2022-07-05 09:41:41 [main] INFO  org.hibernate.dialect.Dialect - HHH000400: Using dialect: org.hibernate.dialect.H2Dialect
""2022-07-05 09:41:41 [main] INFO  o.h.e.t.j.p.i.JtaPlatformInitiator - HHH000490: Using JtaPlatform implementation: [org.hibernate.engine.transaction.jta.platform.internal.NoJtaPlatform]
""2022-07-05 09:41:41 [main] INFO  o.s.o.j.LocalContainerEntityManagerFactoryBean - Initialized JPA EntityManagerFactory for persistence unit 'default'
""2022-07-05 09:41:42 [main] WARN  o.s.b.a.o.j.JpaBaseConfiguration$JpaWebConfiguration - spring.jpa.open-in-view is enabled by default. Therefore, database queries may be performed during view rendering. Explicitly configure spring.jpa.open-in-view to disable this warning
""2022-07-05 09:41:42 [main] INFO  o.s.b.a.h.H2ConsoleAutoConfiguration - H2 console available at '/h2-console'. Database available at 'jdbc:h2:mem:pms'
""2022-07-05 09:41:43 [main] INFO  c.c.d.DailySharePriceApplicationTests - Started DailySharePriceApplicationTests in 5.073 seconds (JVM running for 6.206)
""2022-07-05 09:41:44 [main] INFO  o.s.b.t.c.SpringBootTestContextBootstrapper - Neither @ContextConfiguration nor @ContextHierarchy found for test class [com.cts.dailyshareprice.model.StockTest], using SpringBootContextLoader
""2022-07-05 09:41:44 [main] INFO  o.s.t.c.s.AbstractContextLoader - Could not detect default resource locations for test class [com.cts.dailyshareprice.model.StockTest]: no resource found for suffixes {-context.xml, Context.groovy}.
""2022-07-05 09:41:44 [main] INFO  o.s.t.c.s.AnnotationConfigContextLoaderUtils - Could not detect default configuration classes for test class [com.cts.dailyshareprice.model.StockTest]: StockTest does not declare any static, non-private, non-final, nested classes annotated with @Configuration.
""2022-07-05 09:41:44 [main] INFO  o.s.b.t.c.SpringBootTestContextBootstrapper - Found @SpringBootConfiguration com.cts.dailyshareprice.DailySharePriceApplication for test class com.cts.dailyshareprice.model.StockTest
""2022-07-05 09:41:44 [main] INFO  o.s.b.t.c.SpringBootTestContextBootstrapper - Loaded default TestExecutionListener class names from location [META-INF/spring.factories]: [org.springframework.boot.test.mock.mockito.MockitoTestExecutionListener, org.springframework.boot.test.mock.mockito.ResetMocksTestExecutionListener, org.springframework.boot.test.autoconfigure.restdocs.RestDocsTestExecutionListener, org.springframework.boot.test.autoconfigure.web.client.MockRestServiceServerResetTestExecutionListener, org.springframework.boot.test.autoconfigure.web.servlet.MockMvcPrintOnlyOnFailureTestExecutionListener, org.springframework.boot.test.autoconfigure.web.servlet.WebDriverTestExecutionListener, org.springframework.boot.test.autoconfigure.webservices.client.MockWebServiceServerTestExecutionListener, org.springframework.test.context.web.ServletTestExecutionListener, org.springframework.test.context.support.DirtiesContextBeforeModesTestExecutionListener, org.springframework.test.context.event.ApplicationEventsTestExecutionListener, org.springframework.test.context.support.DependencyInjectionTestExecutionListener, org.springframework.test.context.support.DirtiesContextTestExecutionListener, org.springframework.test.context.transaction.TransactionalTestExecutionListener, org.springframework.test.context.jdbc.SqlScriptsTestExecutionListener, org.springframework.test.context.event.EventPublishingTestExecutionListener]
""2022-07-05 09:41:44 [main] INFO  o.s.b.t.c.SpringBootTestContextBootstrapper - Using TestExecutionListeners: [org.springframework.test.context.web.ServletTestExecutionListener@67c912d3, org.springframework.test.context.support.DirtiesContextBeforeModesTestExecutionListener@60515ab1, org.springframework.test.context.event.ApplicationEventsTestExecutionListener@37e967df, org.springframework.boot.test.mock.mockito.MockitoTestExecutionListener@16a89351, org.springframework.boot.test.autoconfigure.SpringBootDependencyInjectionTestExecutionListener@395854dd, org.springframework.test.context.support.DirtiesContextTestExecutionListener@53b60595, org.springframework.test.context.transaction.TransactionalTestExecutionListener@2f9d47a3, org.springframework.test.context.jdbc.SqlScriptsTestExecutionListener@7d7d7b1a, org.springframework.test.context.event.EventPublishingTestExecutionListener@67836d4, org.springframework.boot.test.mock.mockito.ResetMocksTestExecutionListener@65011123, org.springframework.boot.test.autoconfigure.restdocs.RestDocsTestExecutionListener@20e4e27f, org.springframework.boot.test.autoconfigure.web.client.MockRestServiceServerResetTestExecutionListener@36d7e8d2, org.springframework.boot.test.autoconfigure.web.servlet.MockMvcPrintOnlyOnFailureTestExecutionListener@715ea64a, org.springframework.boot.test.autoconfigure.web.servlet.WebDriverTestExecutionListener@1cbb394b, org.springframework.boot.test.autoconfigure.webservices.client.MockWebServiceServerTestExecutionListener@1b4bc7b9]
""2022-07-05 09:41:44 [main] INFO  o.s.b.t.c.SpringBootTestContextBootstrapper - Neither @ContextConfiguration nor @ContextHierarchy found for test class [com.cts.dailyshareprice.service.StockServiceTest], using SpringBootContextLoader
""2022-07-05 09:41:44 [main] INFO  o.s.t.c.s.AbstractContextLoader - Could not detect default resource locations for test class [com.cts.dailyshareprice.service.StockServiceTest]: no resource found for suffixes {-context.xml, Context.groovy}.
""2022-07-05 09:41:44 [main] INFO  o.s.t.c.s.AnnotationConfigContextLoaderUtils - Could not detect default configuration classes for test class [com.cts.dailyshareprice.service.StockServiceTest]: StockServiceTest does not declare any static, non-private, non-final, nested classes annotated with @Configuration.
""2022-07-05 09:41:44 [main] INFO  o.s.b.t.c.SpringBootTestContextBootstrapper - Found @SpringBootConfiguration com.cts.dailyshareprice.DailySharePriceApplication for test class com.cts.dailyshareprice.service.StockServiceTest
""2022-07-05 09:41:44 [main] INFO  o.s.b.t.c.SpringBootTestContextBootstrapper - Loaded default TestExecutionListener class names from location [META-INF/spring.factories]: [org.springframework.boot.test.mock.mockito.MockitoTestExecutionListener, org.springframework.boot.test.mock.mockito.ResetMocksTestExecutionListener, org.springframework.boot.test.autoconfigure.restdocs.RestDocsTestExecutionListener, org.springframework.boot.test.autoconfigure.web.client.MockRestServiceServerResetTestExecutionListener, org.springframework.boot.test.autoconfigure.web.servlet.MockMvcPrintOnlyOnFailureTestExecutionListener, org.springframework.boot.test.autoconfigure.web.servlet.WebDriverTestExecutionListener, org.springframework.boot.test.autoconfigure.webservices.client.MockWebServiceServerTestExecutionListener, org.springframework.test.context.web.ServletTestExecutionListener, org.springframework.test.context.support.DirtiesContextBeforeModesTestExecutionListener, org.springframework.test.context.event.ApplicationEventsTestExecutionListener, org.springframework.test.context.support.DependencyInjectionTestExecutionListener, org.springframework.test.context.support.DirtiesContextTestExecutionListener, org.springframework.test.context.transaction.TransactionalTestExecutionListener, org.springframework.test.context.jdbc.SqlScriptsTestExecutionListener, org.springframework.test.context.event.EventPublishingTestExecutionListener]
""2022-07-05 09:41:44 [main] INFO  o.s.b.t.c.SpringBootTestContextBootstrapper - Using TestExecutionListeners: [org.springframework.test.context.web.ServletTestExecutionListener@1d0f03f6, org.springframework.test.context.support.DirtiesContextBeforeModesTestExecutionListener@5653429e, org.springframework.test.context.event.ApplicationEventsTestExecutionListener@78c9c38a, org.springframework.boot.test.mock.mockito.MockitoTestExecutionListener@8a0a1d1, org.springframework.boot.test.autoconfigure.SpringBootDependencyInjectionTestExecutionListener@6dd50380, org.springframework.test.context.support.DirtiesContextTestExecutionListener@215efb16, org.springframework.test.context.transaction.TransactionalTestExecutionListener@173da924, org.springframework.test.context.jdbc.SqlScriptsTestExecutionListener@1a9e2c3b, org.springframework.test.context.event.EventPublishingTestExecutionListener@5f92e5eb, org.springframework.boot.test.mock.mockito.ResetMocksTestExecutionListener@9423344, org.springframework.boot.test.autoconfigure.restdocs.RestDocsTestExecutionListener@73ccdfc1, org.springframework.boot.test.autoconfigure.web.client.MockRestServiceServerResetTestExecutionListener@18d8da77, org.springframework.boot.test.autoconfigure.web.servlet.MockMvcPrintOnlyOnFailureTestExecutionListener@502dc93a, org.springframework.boot.test.autoconfigure.web.servlet.WebDriverTestExecutionListener@486d1868, org.springframework.boot.test.autoconfigure.webservices.client.MockWebServiceServerTestExecutionListener@5d4af473]
""2022-07-05 09:41:44 [SpringApplicationShutdownHook] INFO  o.s.o.j.LocalContainerEntityManagerFactoryBean - Closing JPA EntityManagerFactory for persistence unit 'default'
""2022-07-05 09:41:44 [SpringApplicationShutdownHook] INFO  com.zaxxer.hikari.HikariDataSource - HikariPool-1 - Shutdown initiated...
""2022-07-05 09:41:44 [SpringApplicationShutdownHook] INFO  com.zaxxer.hikari.HikariDataSource - HikariPool-1 - Shutdown completed.
""2022-07-05 09:43:01 [Thread-1] INFO  o.s.o.j.LocalContainerEntityManagerFactoryBean - Closing JPA EntityManagerFactory for persistence unit 'default'
""2022-07-05 09:43:01 [Thread-1] WARN  o.s.b.f.s.DisposableBeanAdapter - Invocation of destroy method failed on bean with name 'inMemoryDatabaseShutdownExecutor': org.h2.jdbc.JdbcSQLNonTransientConnectionException: Database is already closed (to disable automatic closing at VM shutdown, add ";DB_CLOSE_ON_EXIT=FALSE" to the db URL) [90121-200]
""2022-07-05 09:43:01 [Thread-1] INFO  com.zaxxer.hikari.HikariDataSource - HikariPool-1 - Shutdown initiated...
""2022-07-05 09:43:01 [Thread-1] INFO  com.zaxxer.hikari.HikariDataSource - HikariPool-1 - Shutdown completed.
""2022-07-05 09:43:14 [restartedMain] INFO  c.c.d.DailySharePriceApplication - Starting DailySharePriceApplication using Java 16.0.1 on LAPTOP-CJKHE4KD with PID 6660 (C:\Users\mdsai\Downloads\5_6143241665072072678\Portfolio project\DailySharePrice1\DailySharePrice\target\classes started by mdsai in C:\Users\mdsai\Downloads\5_6143241665072072678\Portfolio project\DailySharePrice1\DailySharePrice)
""2022-07-05 09:43:14 [restartedMain] INFO  c.c.d.DailySharePriceApplication - No active profile set, falling back to 1 default profile: "default"
""2022-07-05 09:43:15 [restartedMain] INFO  o.s.d.r.c.RepositoryConfigurationDelegate - Bootstrapping Spring Data JPA repositories in DEFAULT mode.
""2022-07-05 09:43:15 [restartedMain] INFO  o.s.d.r.c.RepositoryConfigurationDelegate - Finished Spring Data repository scanning in 9 ms. Found 1 JPA repository interfaces.
""2022-07-05 09:43:15 [restartedMain] INFO  o.s.cloud.context.scope.GenericScope - BeanFactory id=06edcab2-3d4f-375c-b803-7ee141e7ed09
""2022-07-05 09:43:15 [restartedMain] INFO  o.s.b.w.e.tomcat.TomcatWebServer - Tomcat initialized with port(s): 8082 (http)
""2022-07-05 09:43:15 [restartedMain] INFO  o.a.catalina.core.StandardService - Starting service [Tomcat]
""2022-07-05 09:43:15 [restartedMain] INFO  o.a.catalina.core.StandardEngine - Starting Servlet engine: [Apache Tomcat/9.0.58]
""2022-07-05 09:43:15 [restartedMain] INFO  o.a.c.c.C.[Tomcat-1].[localhost].[/] - Initializing Spring embedded WebApplicationContext
""2022-07-05 09:43:15 [restartedMain] INFO  o.s.b.w.s.c.ServletWebServerApplicationContext - Root WebApplicationContext: initialization completed in 482 ms
""2022-07-05 09:43:15 [restartedMain] INFO  com.zaxxer.hikari.HikariDataSource - HikariPool-3 - Starting...
""2022-07-05 09:43:15 [restartedMain] INFO  com.zaxxer.hikari.HikariDataSource - HikariPool-3 - Start completed.
""2022-07-05 09:43:15 [restartedMain] INFO  o.s.b.a.h.H2ConsoleAutoConfiguration - H2 console available at '/h2-console'. Database available at 'jdbc:h2:mem:pms'
""2022-07-05 09:43:15 [restartedMain] INFO  o.h.jpa.internal.util.LogHelper - HHH000204: Processing PersistenceUnitInfo [name: default]
""2022-07-05 09:43:15 [restartedMain] INFO  org.hibernate.dialect.Dialect - HHH000400: Using dialect: org.hibernate.dialect.H2Dialect
""2022-07-05 09:43:15 [restartedMain] INFO  o.h.e.t.j.p.i.JtaPlatformInitiator - HHH000490: Using JtaPlatform implementation: [org.hibernate.engine.transaction.jta.platform.internal.NoJtaPlatform]
""2022-07-05 09:43:15 [restartedMain] INFO  o.s.o.j.LocalContainerEntityManagerFactoryBean - Initialized JPA EntityManagerFactory for persistence unit 'default'
""2022-07-05 09:43:15 [restartedMain] WARN  o.s.b.a.o.j.JpaBaseConfiguration$JpaWebConfiguration - spring.jpa.open-in-view is enabled by default. Therefore, database queries may be performed during view rendering. Explicitly configure spring.jpa.open-in-view to disable this warning
""2022-07-05 09:43:15 [restartedMain] WARN  o.s.b.d.a.OptionalLiveReloadServer - Unable to start LiveReload server
""2022-07-05 09:43:15 [restartedMain] INFO  o.s.b.w.e.tomcat.TomcatWebServer - Tomcat started on port(s): 8082 (http) with context path ''
""2022-07-05 09:43:15 [restartedMain] INFO  c.c.d.DailySharePriceApplication - Started DailySharePriceApplication in 1.067 seconds (JVM running for 589.737)
""2022-07-05 09:43:15 [restartedMain] INFO  o.s.b.d.a.ConditionEvaluationDeltaLoggingListener - Condition evaluation unchanged
""2022-07-05 09:57:11 [HikariPool-3 housekeeper] WARN  com.zaxxer.hikari.pool.HikariPool - HikariPool-3 - Thread starvation or clock leap detected (housekeeper delta=1m25s482ms970µs499ns).
""2022-07-05 10:32:22 [HikariPool-3 housekeeper] WARN  com.zaxxer.hikari.pool.HikariPool - HikariPool-3 - Thread starvation or clock leap detected (housekeeper delta=20m41s60ms897µs).
""2022-07-05 10:57:03 [Thread-8] INFO  o.s.o.j.LocalContainerEntityManagerFactoryBean - Closing JPA EntityManagerFactory for persistence unit 'default'
""2022-07-05 10:57:03 [Thread-8] WARN  o.s.b.f.s.DisposableBeanAdapter - Invocation of destroy method failed on bean with name 'inMemoryDatabaseShutdownExecutor': org.h2.jdbc.JdbcSQLNonTransientConnectionException: Database is already closed (to disable automatic closing at VM shutdown, add ";DB_CLOSE_ON_EXIT=FALSE" to the db URL) [90121-200]
""2022-07-05 10:57:03 [Thread-8] INFO  com.zaxxer.hikari.HikariDataSource - HikariPool-3 - Shutdown initiated...
""2022-07-05 10:57:03 [Thread-8] INFO  com.zaxxer.hikari.HikariDataSource - HikariPool-3 - Shutdown completed.
""2022-07-05 11:19:06 [restartedMain] INFO  c.c.d.DailySharePriceApplication - Starting DailySharePriceApplication using Java 16.0.1 on LAPTOP-CJKHE4KD with PID 20012 (C:\Users\mdsai\Downloads\5_6143241665072072678\Portfolio project\DailySharePrice1\DailySharePrice\target\classes started by mdsai in C:\Users\mdsai\Downloads\5_6143241665072072678\Portfolio project\DailySharePrice1\DailySharePrice)
""2022-07-05 11:19:06 [restartedMain] INFO  c.c.d.DailySharePriceApplication - No active profile set, falling back to 1 default profile: "default"
""2022-07-05 11:19:06 [restartedMain] INFO  o.s.b.d.e.DevToolsPropertyDefaultsPostProcessor - Devtools property defaults active! Set 'spring.devtools.add-properties' to 'false' to disable
""2022-07-05 11:19:06 [restartedMain] INFO  o.s.b.d.e.DevToolsPropertyDefaultsPostProcessor - For additional web related logging consider setting the 'logging.level.web' property to 'DEBUG'
""2022-07-05 11:19:07 [restartedMain] INFO  o.s.d.r.c.RepositoryConfigurationDelegate - Bootstrapping Spring Data JPA repositories in DEFAULT mode.
""2022-07-05 11:19:07 [restartedMain] INFO  o.s.d.r.c.RepositoryConfigurationDelegate - Finished Spring Data repository scanning in 59 ms. Found 1 JPA repository interfaces.
""2022-07-05 11:19:07 [restartedMain] INFO  o.s.cloud.context.scope.GenericScope - BeanFactory id=06edcab2-3d4f-375c-b803-7ee141e7ed09
""2022-07-05 11:19:08 [restartedMain] INFO  o.s.b.w.e.tomcat.TomcatWebServer - Tomcat initialized with port(s): 8082 (http)
""2022-07-05 11:19:08 [restartedMain] INFO  o.a.catalina.core.StandardService - Starting service [Tomcat]
""2022-07-05 11:19:08 [restartedMain] INFO  o.a.catalina.core.StandardEngine - Starting Servlet engine: [Apache Tomcat/9.0.58]
""2022-07-05 11:19:08 [restartedMain] INFO  o.a.c.c.C.[Tomcat].[localhost].[/] - Initializing Spring embedded WebApplicationContext
""2022-07-05 11:19:08 [restartedMain] INFO  o.s.b.w.s.c.ServletWebServerApplicationContext - Root WebApplicationContext: initialization completed in 2029 ms
""2022-07-05 11:19:08 [restartedMain] INFO  com.zaxxer.hikari.HikariDataSource - HikariPool-1 - Starting...
""2022-07-05 11:19:09 [restartedMain] INFO  com.zaxxer.hikari.HikariDataSource - HikariPool-1 - Start completed.
""2022-07-05 11:19:09 [restartedMain] INFO  o.s.b.a.h.H2ConsoleAutoConfiguration - H2 console available at '/h2-console'. Database available at 'jdbc:h2:mem:pms'
""2022-07-05 11:19:09 [restartedMain] INFO  o.h.jpa.internal.util.LogHelper - HHH000204: Processing PersistenceUnitInfo [name: default]
""2022-07-05 11:19:09 [restartedMain] INFO  org.hibernate.Version - HHH000412: Hibernate ORM core version 5.6.5.Final
""2022-07-05 11:19:09 [restartedMain] INFO  o.h.annotations.common.Version - HCANN000001: Hibernate Commons Annotations {5.1.2.Final}
""2022-07-05 11:19:09 [restartedMain] INFO  org.hibernate.dialect.Dialect - HHH000400: Using dialect: org.hibernate.dialect.H2Dialect
""2022-07-05 11:19:10 [restartedMain] INFO  o.h.e.t.j.p.i.JtaPlatformInitiator - HHH000490: Using JtaPlatform implementation: [org.hibernate.engine.transaction.jta.platform.internal.NoJtaPlatform]
""2022-07-05 11:19:10 [restartedMain] INFO  o.s.o.j.LocalContainerEntityManagerFactoryBean - Initialized JPA EntityManagerFactory for persistence unit 'default'
""2022-07-05 11:19:10 [restartedMain] WARN  o.s.b.a.o.j.JpaBaseConfiguration$JpaWebConfiguration - spring.jpa.open-in-view is enabled by default. Therefore, database queries may be performed during view rendering. Explicitly configure spring.jpa.open-in-view to disable this warning
""2022-07-05 11:19:10 [restartedMain] INFO  o.s.b.d.a.OptionalLiveReloadServer - LiveReload server is running on port 35729
""2022-07-05 11:19:11 [restartedMain] INFO  o.s.b.w.e.tomcat.TomcatWebServer - Tomcat started on port(s): 8082 (http) with context path ''
""2022-07-05 11:19:11 [restartedMain] INFO  c.c.d.DailySharePriceApplication - Started DailySharePriceApplication in 5.316 seconds (JVM running for 5.903)
""2022-07-05 11:33:07 [http-nio-8082-exec-1] INFO  o.a.c.c.C.[Tomcat].[localhost].[/] - Initializing Spring DispatcherServlet 'dispatcherServlet'
""2022-07-05 11:33:07 [http-nio-8082-exec-1] INFO  o.s.web.servlet.DispatcherServlet - Initializing Servlet 'dispatcherServlet'
""2022-07-05 11:33:07 [http-nio-8082-exec-1] INFO  o.s.web.servlet.DispatcherServlet - Completed initialization in 9 ms
""2022-07-05 13:59:17 [restartedMain] INFO  c.c.d.DailySharePriceApplication - Starting DailySharePriceApplication using Java 16.0.1 on LAPTOP-CJKHE4KD with PID 22584 (C:\Users\mdsai\Downloads\5_6143241665072072678\Portfolio project\DailySharePrice1\DailySharePrice\target\classes started by mdsai in C:\Users\mdsai\Downloads\5_6143241665072072678\Portfolio project\DailySharePrice1\DailySharePrice)
""2022-07-05 13:59:17 [restartedMain] INFO  c.c.d.DailySharePriceApplication - No active profile set, falling back to 1 default profile: "default"
""2022-07-05 13:59:17 [restartedMain] INFO  o.s.b.d.e.DevToolsPropertyDefaultsPostProcessor - Devtools property defaults active! Set 'spring.devtools.add-properties' to 'false' to disable
""2022-07-05 13:59:17 [restartedMain] INFO  o.s.b.d.e.DevToolsPropertyDefaultsPostProcessor - For additional web related logging consider setting the 'logging.level.web' property to 'DEBUG'
""2022-07-05 13:59:18 [restartedMain] INFO  o.s.d.r.c.RepositoryConfigurationDelegate - Bootstrapping Spring Data JPA repositories in DEFAULT mode.
""2022-07-05 13:59:19 [restartedMain] INFO  o.s.d.r.c.RepositoryConfigurationDelegate - Finished Spring Data repository scanning in 62 ms. Found 1 JPA repository interfaces.
""2022-07-05 13:59:19 [restartedMain] INFO  o.s.cloud.context.scope.GenericScope - BeanFactory id=06edcab2-3d4f-375c-b803-7ee141e7ed09
""2022-07-05 13:59:19 [restartedMain] INFO  o.s.b.w.e.tomcat.TomcatWebServer - Tomcat initialized with port(s): 8082 (http)
""2022-07-05 13:59:19 [restartedMain] INFO  o.a.catalina.core.StandardService - Starting service [Tomcat]
""2022-07-05 13:59:19 [restartedMain] INFO  o.a.catalina.core.StandardEngine - Starting Servlet engine: [Apache Tomcat/9.0.58]
""2022-07-05 13:59:20 [restartedMain] INFO  o.a.c.c.C.[Tomcat].[localhost].[/] - Initializing Spring embedded WebApplicationContext
""2022-07-05 13:59:20 [restartedMain] INFO  o.s.b.w.s.c.ServletWebServerApplicationContext - Root WebApplicationContext: initialization completed in 2076 ms
""2022-07-05 13:59:20 [restartedMain] INFO  com.zaxxer.hikari.HikariDataSource - HikariPool-1 - Starting...
""2022-07-05 13:59:20 [restartedMain] INFO  com.zaxxer.hikari.HikariDataSource - HikariPool-1 - Start completed.
""2022-07-05 13:59:20 [restartedMain] INFO  o.s.b.a.h.H2ConsoleAutoConfiguration - H2 console available at '/h2-console'. Database available at 'jdbc:h2:mem:pms'
""2022-07-05 13:59:20 [restartedMain] INFO  o.h.jpa.internal.util.LogHelper - HHH000204: Processing PersistenceUnitInfo [name: default]
""2022-07-05 13:59:20 [restartedMain] INFO  org.hibernate.Version - HHH000412: Hibernate ORM core version 5.6.5.Final
""2022-07-05 13:59:20 [restartedMain] INFO  o.h.annotations.common.Version - HCANN000001: Hibernate Commons Annotations {5.1.2.Final}
""2022-07-05 13:59:20 [restartedMain] INFO  org.hibernate.dialect.Dialect - HHH000400: Using dialect: org.hibernate.dialect.H2Dialect
""2022-07-05 13:59:21 [restartedMain] INFO  o.h.e.t.j.p.i.JtaPlatformInitiator - HHH000490: Using JtaPlatform implementation: [org.hibernate.engine.transaction.jta.platform.internal.NoJtaPlatform]
""2022-07-05 13:59:21 [restartedMain] INFO  o.s.o.j.LocalContainerEntityManagerFactoryBean - Initialized JPA EntityManagerFactory for persistence unit 'default'
""2022-07-05 13:59:21 [restartedMain] WARN  o.s.b.a.o.j.JpaBaseConfiguration$JpaWebConfiguration - spring.jpa.open-in-view is enabled by default. Therefore, database queries may be performed during view rendering. Explicitly configure spring.jpa.open-in-view to disable this warning
""2022-07-05 13:59:21 [restartedMain] WARN  o.s.b.d.a.OptionalLiveReloadServer - Unable to start LiveReload server
""2022-07-05 13:59:22 [restartedMain] INFO  o.s.b.w.e.tomcat.TomcatWebServer - Tomcat started on port(s): 8082 (http) with context path ''
""2022-07-05 13:59:22 [restartedMain] INFO  c.c.d.DailySharePriceApplication - Started DailySharePriceApplication in 5.301 seconds (JVM running for 5.841)
""2022-07-05 17:30:18 [restartedMain] INFO  c.c.d.DailySharePriceApplication - Starting DailySharePriceApplication using Java 16.0.1 on LAPTOP-CJKHE4KD with PID 21812 (C:\Users\mdsai\Downloads\5_6143241665072072678\Portfolio project\DailySharePrice1\DailySharePrice\target\classes started by mdsai in C:\Users\mdsai\Downloads\5_6143241665072072678\Portfolio project\DailySharePrice1\DailySharePrice)
""2022-07-05 17:30:18 [restartedMain] INFO  c.c.d.DailySharePriceApplication - No active profile set, falling back to 1 default profile: "default"
""2022-07-05 17:30:18 [restartedMain] INFO  o.s.b.d.e.DevToolsPropertyDefaultsPostProcessor - Devtools property defaults active! Set 'spring.devtools.add-properties' to 'false' to disable
""2022-07-05 17:30:18 [restartedMain] INFO  o.s.b.d.e.DevToolsPropertyDefaultsPostProcessor - For additional web related logging consider setting the 'logging.level.web' property to 'DEBUG'
""2022-07-05 17:30:19 [restartedMain] INFO  o.s.d.r.c.RepositoryConfigurationDelegate - Bootstrapping Spring Data JPA repositories in DEFAULT mode.
""2022-07-05 17:30:19 [restartedMain] INFO  o.s.d.r.c.RepositoryConfigurationDelegate - Finished Spring Data repository scanning in 55 ms. Found 1 JPA repository interfaces.
""2022-07-05 17:30:19 [restartedMain] INFO  o.s.cloud.context.scope.GenericScope - BeanFactory id=06edcab2-3d4f-375c-b803-7ee141e7ed09
""2022-07-05 17:30:20 [restartedMain] INFO  o.s.b.w.e.tomcat.TomcatWebServer - Tomcat initialized with port(s): 8082 (http)
""2022-07-05 17:30:20 [restartedMain] INFO  o.a.catalina.core.StandardService - Starting service [Tomcat]
""2022-07-05 17:30:20 [restartedMain] INFO  o.a.catalina.core.StandardEngine - Starting Servlet engine: [Apache Tomcat/9.0.58]
""2022-07-05 17:30:20 [restartedMain] INFO  o.a.c.c.C.[Tomcat].[localhost].[/] - Initializing Spring embedded WebApplicationContext
""2022-07-05 17:30:20 [restartedMain] INFO  o.s.b.w.s.c.ServletWebServerApplicationContext - Root WebApplicationContext: initialization completed in 2107 ms
""2022-07-05 17:30:20 [restartedMain] INFO  com.zaxxer.hikari.HikariDataSource - HikariPool-1 - Starting...
""2022-07-05 17:30:20 [restartedMain] INFO  com.zaxxer.hikari.HikariDataSource - HikariPool-1 - Start completed.
""2022-07-05 17:30:20 [restartedMain] INFO  o.s.b.a.h.H2ConsoleAutoConfiguration - H2 console available at '/h2-console'. Database available at 'jdbc:h2:mem:pms'
""2022-07-05 17:30:20 [restartedMain] INFO  o.h.jpa.internal.util.LogHelper - HHH000204: Processing PersistenceUnitInfo [name: default]
""2022-07-05 17:30:20 [restartedMain] INFO  org.hibernate.Version - HHH000412: Hibernate ORM core version 5.6.5.Final
""2022-07-05 17:30:21 [restartedMain] INFO  o.h.annotations.common.Version - HCANN000001: Hibernate Commons Annotations {5.1.2.Final}
""2022-07-05 17:30:21 [restartedMain] INFO  org.hibernate.dialect.Dialect - HHH000400: Using dialect: org.hibernate.dialect.H2Dialect
""2022-07-05 17:30:21 [restartedMain] INFO  o.h.e.t.j.p.i.JtaPlatformInitiator - HHH000490: Using JtaPlatform implementation: [org.hibernate.engine.transaction.jta.platform.internal.NoJtaPlatform]
""2022-07-05 17:30:21 [restartedMain] INFO  o.s.o.j.LocalContainerEntityManagerFactoryBean - Initialized JPA EntityManagerFactory for persistence unit 'default'
""2022-07-05 17:30:22 [restartedMain] WARN  o.s.b.a.o.j.JpaBaseConfiguration$JpaWebConfiguration - spring.jpa.open-in-view is enabled by default. Therefore, database queries may be performed during view rendering. Explicitly configure spring.jpa.open-in-view to disable this warning
""2022-07-05 17:30:22 [restartedMain] WARN  o.s.b.d.a.OptionalLiveReloadServer - Unable to start LiveReload server
""2022-07-05 17:30:22 [restartedMain] INFO  o.s.b.w.e.tomcat.TomcatWebServer - Tomcat started on port(s): 8082 (http) with context path ''
""2022-07-05 17:30:23 [restartedMain] INFO  c.c.d.DailySharePriceApplication - Started DailySharePriceApplication in 5.398 seconds (JVM running for 5.913)
""2022-07-05 17:35:59 [http-nio-8082-exec-1] INFO  o.a.c.c.C.[Tomcat].[localhost].[/] - Initializing Spring DispatcherServlet 'dispatcherServlet'
""2022-07-05 17:35:59 [http-nio-8082-exec-1] INFO  o.s.web.servlet.DispatcherServlet - Initializing Servlet 'dispatcherServlet'
""2022-07-05 17:35:59 [http-nio-8082-exec-1] INFO  o.s.web.servlet.DispatcherServlet - Completed initialization in 2 ms
""2022-07-05 17:36:48 [http-nio-8082-exec-4] INFO  c.c.d.controller.StockController - fetching Stock Details using stockName
""2022-07-05 17:36:48 [http-nio-8082-exec-7] INFO  c.c.d.controller.StockController - fetching Stock Details using stockName
""2022-07-05 17:36:48 [http-nio-8082-exec-6] INFO  c.c.d.controller.StockController - fetching Stock Details using stockName
""2022-07-05 17:36:49 [http-nio-8082-exec-8] INFO  c.c.d.controller.StockController - fetching Stock Details using stockName
""2022-07-05 17:36:54 [http-nio-8082-exec-10] INFO  c.c.d.controller.StockController - fetching Stock Details using stockName
""2022-07-05 17:36:54 [http-nio-8082-exec-9] INFO  c.c.d.controller.StockController - fetching Stock Details using stockName
""2022-07-05 17:37:00 [http-nio-8082-exec-5] INFO  c.c.d.controller.StockController - fetching Stock Details using stockName
""2022-07-05 17:37:00 [http-nio-8082-exec-3] INFO  c.c.d.controller.StockController - fetching Stock Details using stockName
""2022-07-05 17:37:00 [http-nio-8082-exec-2] INFO  c.c.d.controller.StockController - fetching Stock Details using stockName
""2022-07-05 17:37:00 [http-nio-8082-exec-5] INFO  c.c.d.controller.StockController - fetching Stock Details using stockName
""2022-07-05 17:37:07 [http-nio-8082-exec-4] INFO  c.c.d.controller.StockController - fetching Stock Details using stockName
""2022-07-05 17:37:07 [http-nio-8082-exec-6] INFO  c.c.d.controller.StockController - fetching Stock Details using stockName
""2022-07-05 17:37:32 [http-nio-8082-exec-8] INFO  c.c.d.controller.StockController - fetching Stock Details using stockName
""2022-07-05 17:37:32 [http-nio-8082-exec-9] INFO  c.c.d.controller.StockController - fetching Stock Details using stockName
""2022-07-05 17:37:32 [http-nio-8082-exec-10] INFO  c.c.d.controller.StockController - fetching Stock Details using stockName
""2022-07-05 17:37:32 [http-nio-8082-exec-1] INFO  c.c.d.controller.StockController - fetching Stock Details using stockName
""2022-07-05 17:37:41 [http-nio-8082-exec-3] INFO  c.c.d.controller.StockController - fetching Stock Details using stockName
""2022-07-05 17:37:41 [http-nio-8082-exec-7] INFO  c.c.d.controller.StockController - fetching Stock Details using stockName
""2022-07-05 17:37:41 [http-nio-8082-exec-2] INFO  c.c.d.controller.StockController - fetching Stock Details using stockName
""2022-07-05 17:37:41 [http-nio-8082-exec-5] INFO  c.c.d.controller.StockController - fetching Stock Details using stockName
""2022-07-05 17:38:11 [http-nio-8082-exec-8] INFO  c.c.d.controller.StockController - fetching Stock Details using stockName
""2022-07-05 17:38:11 [http-nio-8082-exec-9] INFO  c.c.d.controller.StockController - fetching Stock Details using stockName
""2022-07-05 17:38:50 [http-nio-8082-exec-7] INFO  c.c.d.controller.StockController - fetching Stock Details using stockName
""2022-07-05 17:38:50 [http-nio-8082-exec-1] INFO  c.c.d.controller.StockController - fetching Stock Details using stockName
""2022-07-05 17:38:50 [http-nio-8082-exec-3] INFO  c.c.d.controller.StockController - fetching Stock Details using stockName
""2022-07-05 17:38:50 [http-nio-8082-exec-2] INFO  c.c.d.controller.StockController - fetching Stock Details using stockName
""2022-07-05 17:38:55 [http-nio-8082-exec-4] INFO  c.c.d.controller.StockController - fetching Stock Details using stockName
""2022-07-05 17:38:55 [http-nio-8082-exec-5] INFO  c.c.d.controller.StockController - fetching Stock Details using stockName
""2022-07-05 17:39:25 [http-nio-8082-exec-9] INFO  c.c.d.controller.StockController - fetching Stock Details using stockName
""2022-07-05 17:39:25 [http-nio-8082-exec-7] INFO  c.c.d.controller.StockController - fetching Stock Details using stockName
""2022-07-05 17:39:25 [http-nio-8082-exec-10] INFO  c.c.d.controller.StockController - fetching Stock Details using stockName
""2022-07-05 17:39:25 [http-nio-8082-exec-7] INFO  c.c.d.controller.StockController - fetching Stock Details using stockName
""2022-07-05 17:41:32 [http-nio-8082-exec-3] INFO  c.c.d.controller.StockController - fetching Stock Details using stockName
""2022-07-05 17:41:32 [http-nio-8082-exec-4] INFO  c.c.d.controller.StockController - fetching Stock Details using stockName
""2022-07-05 17:41:33 [http-nio-8082-exec-6] INFO  c.c.d.controller.StockController - fetching Stock Details using stockName
""2022-07-05 17:41:54 [http-nio-8082-exec-8] INFO  c.c.d.controller.StockController - fetching Stock Details using stockName
""2022-07-05 17:41:54 [http-nio-8082-exec-9] INFO  c.c.d.controller.StockController - fetching Stock Details using stockName
""2022-07-05 17:41:59 [http-nio-8082-exec-1] INFO  c.c.d.controller.StockController - fetching Stock Details using stockName
""2022-07-05 17:57:36 [HikariPool-1 housekeeper] WARN  com.zaxxer.hikari.pool.HikariPool - HikariPool-1 - Thread starvation or clock leap detected (housekeeper delta=14m45s575ms563µs300ns).
"