"2022-07-05 00:00:09 [main] INFO  c.c.d.c.MutualFundControllerTest - Starting MutualFundControllerTest using Java 16.0.1 on LAPTOP-CJKHE4KD with PID 73204 (started by mdsai in C:\Users\mdsai\Downloads\5_6143241665072072678\Portfolio project\DailyMutualFundNAV1\DailyMutualFundNAV)
""2022-07-05 00:00:09 [main] INFO  c.c.d.c.MutualFundControllerTest - No active profile set, falling back to 1 default profile: "default"
""2022-07-05 00:00:11 [main] INFO  o.s.b.t.m.w.SpringBootMockServletContext - Initializing Spring TestDispatcherServlet ''
""2022-07-05 00:00:11 [main] INFO  o.s.t.w.s.TestDispatcherServlet - Initializing Servlet ''
""2022-07-05 00:00:11 [main] INFO  o.s.t.w.s.TestDispatcherServlet - Completed initialization in 2 ms
""2022-07-05 00:00:11 [main] INFO  c.c.d.c.MutualFundControllerTest - Started MutualFundControllerTest in 2.897 seconds (JVM running for 3.761)
""2022-07-05 00:00:11 [main] INFO  c.c.d.c.MutualFundController - Fetching MutualFund using MutualName
""2022-07-05 00:00:11 [main] INFO  o.s.b.t.c.SpringBootTestContextBootstrapper - Neither @ContextConfiguration nor @ContextHierarchy found for test class [com.cts.dailymutualfundnav.DailyMutualFundNavApplicationTests], using SpringBootContextLoader
""2022-07-05 00:00:11 [main] INFO  o.s.t.c.s.AbstractContextLoader - Could not detect default resource locations for test class [com.cts.dailymutualfundnav.DailyMutualFundNavApplicationTests]: no resource found for suffixes {-context.xml, Context.groovy}.
""2022-07-05 00:00:11 [main] INFO  o.s.t.c.s.AnnotationConfigContextLoaderUtils - Could not detect default configuration classes for test class [com.cts.dailymutualfundnav.DailyMutualFundNavApplicationTests]: DailyMutualFundNavApplicationTests does not declare any static, non-private, non-final, nested classes annotated with @Configuration.
""2022-07-05 00:00:11 [main] INFO  o.s.b.t.c.SpringBootTestContextBootstrapper - Found @SpringBootConfiguration com.cts.dailymutualfundnav.DailyMutualFundNavApplication for test class com.cts.dailymutualfundnav.DailyMutualFundNavApplicationTests
""2022-07-05 00:00:11 [main] INFO  o.s.b.t.c.SpringBootTestContextBootstrapper - Loaded default TestExecutionListener class names from location [META-INF/spring.factories]: [org.springframework.boot.test.mock.mockito.MockitoTestExecutionListener, org.springframework.boot.test.mock.mockito.ResetMocksTestExecutionListener, org.springframework.boot.test.autoconfigure.restdocs.RestDocsTestExecutionListener, org.springframework.boot.test.autoconfigure.web.client.MockRestServiceServerResetTestExecutionListener, org.springframework.boot.test.autoconfigure.web.servlet.MockMvcPrintOnlyOnFailureTestExecutionListener, org.springframework.boot.test.autoconfigure.web.servlet.WebDriverTestExecutionListener, org.springframework.boot.test.autoconfigure.webservices.client.MockWebServiceServerTestExecutionListener, org.springframework.test.context.web.ServletTestExecutionListener, org.springframework.test.context.support.DirtiesContextBeforeModesTestExecutionListener, org.springframework.test.context.event.ApplicationEventsTestExecutionListener, org.springframework.test.context.support.DependencyInjectionTestExecutionListener, org.springframework.test.context.support.DirtiesContextTestExecutionListener, org.springframework.test.context.transaction.TransactionalTestExecutionListener, org.springframework.test.context.jdbc.SqlScriptsTestExecutionListener, org.springframework.test.context.event.EventPublishingTestExecutionListener]
""2022-07-05 00:00:11 [main] INFO  o.s.b.t.c.SpringBootTestContextBootstrapper - Using TestExecutionListeners: [org.springframework.test.context.web.ServletTestExecutionListener@5ee581db, org.springframework.test.context.support.DirtiesContextBeforeModesTestExecutionListener@5a6efe33, org.springframework.test.context.event.ApplicationEventsTestExecutionListener@3e5ebdfe, org.springframework.boot.test.mock.mockito.MockitoTestExecutionListener@71668a67, org.springframework.boot.test.autoconfigure.SpringBootDependencyInjectionTestExecutionListener@3ff26c9, org.springframework.test.context.support.DirtiesContextTestExecutionListener@2ecdcfe3, org.springframework.test.context.transaction.TransactionalTestExecutionListener@65b73689, org.springframework.test.context.jdbc.SqlScriptsTestExecutionListener@2047adea, org.springframework.test.context.event.EventPublishingTestExecutionListener@5af40e45, org.springframework.boot.test.mock.mockito.ResetMocksTestExecutionListener@1a06602f, org.springframework.boot.test.autoconfigure.restdocs.RestDocsTestExecutionListener@46591e98, org.springframework.boot.test.autoconfigure.web.client.MockRestServiceServerResetTestExecutionListener@5b6cc344, org.springframework.boot.test.autoconfigure.web.servlet.MockMvcPrintOnlyOnFailureTestExecutionListener@2110684a, org.springframework.boot.test.autoconfigure.web.servlet.WebDriverTestExecutionListener@83e635f, org.springframework.boot.test.autoconfigure.webservices.client.MockWebServiceServerTestExecutionListener@61d011e]
""2022-07-05 00:00:11 [main] INFO  c.c.d.DailyMutualFundNavApplicationTests - Starting DailyMutualFundNavApplicationTests using Java 16.0.1 on LAPTOP-CJKHE4KD with PID 73204 (started by mdsai in C:\Users\mdsai\Downloads\5_6143241665072072678\Portfolio project\DailyMutualFundNAV1\DailyMutualFundNAV)
""2022-07-05 00:00:11 [main] INFO  c.c.d.DailyMutualFundNavApplicationTests - No active profile set, falling back to 1 default profile: "default"
""2022-07-05 00:00:12 [main] INFO  o.s.d.r.c.RepositoryConfigurationDelegate - Bootstrapping Spring Data JPA repositories in DEFAULT mode.
""2022-07-05 00:00:12 [main] INFO  o.s.d.r.c.RepositoryConfigurationDelegate - Finished Spring Data repository scanning in 47 ms. Found 1 JPA repository interfaces.
""2022-07-05 00:00:12 [main] INFO  o.s.cloud.context.scope.GenericScope - BeanFactory id=80eb5034-2b3d-3f6a-a91e-56718d1acf68
""2022-07-05 00:00:12 [main] INFO  com.zaxxer.hikari.HikariDataSource - HikariPool-1 - Starting...
""2022-07-05 00:00:12 [main] INFO  com.zaxxer.hikari.HikariDataSource - HikariPool-1 - Start completed.
""2022-07-05 00:00:13 [main] INFO  o.h.jpa.internal.util.LogHelper - HHH000204: Processing PersistenceUnitInfo [name: default]
""2022-07-05 00:00:13 [main] INFO  org.hibernate.Version - HHH000412: Hibernate ORM core version 5.6.5.Final
""2022-07-05 00:00:13 [main] INFO  o.h.annotations.common.Version - HCANN000001: Hibernate Commons Annotations {5.1.2.Final}
""2022-07-05 00:00:13 [main] INFO  org.hibernate.dialect.Dialect - HHH000400: Using dialect: org.hibernate.dialect.H2Dialect
""2022-07-05 00:00:13 [main] INFO  o.h.e.t.j.p.i.JtaPlatformInitiator - HHH000490: Using JtaPlatform implementation: [org.hibernate.engine.transaction.jta.platform.internal.NoJtaPlatform]
""2022-07-05 00:00:13 [main] INFO  o.s.o.j.LocalContainerEntityManagerFactoryBean - Initialized JPA EntityManagerFactory for persistence unit 'default'
""2022-07-05 00:00:14 [main] WARN  o.s.b.a.o.j.JpaBaseConfiguration$JpaWebConfiguration - spring.jpa.open-in-view is enabled by default. Therefore, database queries may be performed during view rendering. Explicitly configure spring.jpa.open-in-view to disable this warning
""2022-07-05 00:00:14 [main] INFO  o.s.b.a.h.H2ConsoleAutoConfiguration - H2 console available at '/h2-console'. Database available at 'jdbc:h2:mem:pms'
""2022-07-05 00:00:15 [main] INFO  c.c.d.DailyMutualFundNavApplicationTests - Started DailyMutualFundNavApplicationTests in 3.396 seconds (JVM running for 7.334)
""2022-07-05 00:00:15 [main] INFO  o.s.b.t.c.SpringBootTestContextBootstrapper - Neither @ContextConfiguration nor @ContextHierarchy found for test class [com.cts.dailymutualfundnav.model.MutualFundTest], using SpringBootContextLoader
""2022-07-05 00:00:15 [main] INFO  o.s.t.c.s.AbstractContextLoader - Could not detect default resource locations for test class [com.cts.dailymutualfundnav.model.MutualFundTest]: no resource found for suffixes {-context.xml, Context.groovy}.
""2022-07-05 00:00:15 [main] INFO  o.s.t.c.s.AnnotationConfigContextLoaderUtils - Could not detect default configuration classes for test class [com.cts.dailymutualfundnav.model.MutualFundTest]: MutualFundTest does not declare any static, non-private, non-final, nested classes annotated with @Configuration.
""2022-07-05 00:00:15 [main] INFO  o.s.b.t.c.SpringBootTestContextBootstrapper - Found @SpringBootConfiguration com.cts.dailymutualfundnav.DailyMutualFundNavApplication for test class com.cts.dailymutualfundnav.model.MutualFundTest
""2022-07-05 00:00:15 [main] INFO  o.s.b.t.c.SpringBootTestContextBootstrapper - Loaded default TestExecutionListener class names from location [META-INF/spring.factories]: [org.springframework.boot.test.mock.mockito.MockitoTestExecutionListener, org.springframework.boot.test.mock.mockito.ResetMocksTestExecutionListener, org.springframework.boot.test.autoconfigure.restdocs.RestDocsTestExecutionListener, org.springframework.boot.test.autoconfigure.web.client.MockRestServiceServerResetTestExecutionListener, org.springframework.boot.test.autoconfigure.web.servlet.MockMvcPrintOnlyOnFailureTestExecutionListener, org.springframework.boot.test.autoconfigure.web.servlet.WebDriverTestExecutionListener, org.springframework.boot.test.autoconfigure.webservices.client.MockWebServiceServerTestExecutionListener, org.springframework.test.context.web.ServletTestExecutionListener, org.springframework.test.context.support.DirtiesContextBeforeModesTestExecutionListener, org.springframework.test.context.event.ApplicationEventsTestExecutionListener, org.springframework.test.context.support.DependencyInjectionTestExecutionListener, org.springframework.test.context.support.DirtiesContextTestExecutionListener, org.springframework.test.context.transaction.TransactionalTestExecutionListener, org.springframework.test.context.jdbc.SqlScriptsTestExecutionListener, org.springframework.test.context.event.EventPublishingTestExecutionListener]
""2022-07-05 00:00:15 [main] INFO  o.s.b.t.c.SpringBootTestContextBootstrapper - Using TestExecutionListeners: [org.springframework.test.context.web.ServletTestExecutionListener@5f84e764, org.springframework.test.context.support.DirtiesContextBeforeModesTestExecutionListener@5eaab295, org.springframework.test.context.event.ApplicationEventsTestExecutionListener@1e95fc31, org.springframework.boot.test.mock.mockito.MockitoTestExecutionListener@395ac2e5, org.springframework.boot.test.autoconfigure.SpringBootDependencyInjectionTestExecutionListener@419dbd6d, org.springframework.test.context.support.DirtiesContextTestExecutionListener@4a2891d1, org.springframework.test.context.transaction.TransactionalTestExecutionListener@7b6d88d1, org.springframework.test.context.jdbc.SqlScriptsTestExecutionListener@14cf30b3, org.springframework.test.context.event.EventPublishingTestExecutionListener@38159192, org.springframework.boot.test.mock.mockito.ResetMocksTestExecutionListener@363d3958, org.springframework.boot.test.autoconfigure.restdocs.RestDocsTestExecutionListener@2181144e, org.springframework.boot.test.autoconfigure.web.client.MockRestServiceServerResetTestExecutionListener@4ca6e265, org.springframework.boot.test.autoconfigure.web.servlet.MockMvcPrintOnlyOnFailureTestExecutionListener@582b6362, org.springframework.boot.test.autoconfigure.web.servlet.WebDriverTestExecutionListener@70376c6, org.springframework.boot.test.autoconfigure.webservices.client.MockWebServiceServerTestExecutionListener@2e89310c]
""2022-07-05 00:00:15 [main] INFO  o.s.b.t.c.SpringBootTestContextBootstrapper - Neither @ContextConfiguration nor @ContextHierarchy found for test class [com.cts.dailymutualfundnav.service.MutualFundServiceTest], using SpringBootContextLoader
""2022-07-05 00:00:15 [main] INFO  o.s.t.c.s.AbstractContextLoader - Could not detect default resource locations for test class [com.cts.dailymutualfundnav.service.MutualFundServiceTest]: no resource found for suffixes {-context.xml, Context.groovy}.
""2022-07-05 00:00:15 [main] INFO  o.s.t.c.s.AnnotationConfigContextLoaderUtils - Could not detect default configuration classes for test class [com.cts.dailymutualfundnav.service.MutualFundServiceTest]: MutualFundServiceTest does not declare any static, non-private, non-final, nested classes annotated with @Configuration.
""2022-07-05 00:00:15 [main] INFO  o.s.b.t.c.SpringBootTestContextBootstrapper - Found @SpringBootConfiguration com.cts.dailymutualfundnav.DailyMutualFundNavApplication for test class com.cts.dailymutualfundnav.service.MutualFundServiceTest
""2022-07-05 00:00:15 [main] INFO  o.s.b.t.c.SpringBootTestContextBootstrapper - Loaded default TestExecutionListener class names from location [META-INF/spring.factories]: [org.springframework.boot.test.mock.mockito.MockitoTestExecutionListener, org.springframework.boot.test.mock.mockito.ResetMocksTestExecutionListener, org.springframework.boot.test.autoconfigure.restdocs.RestDocsTestExecutionListener, org.springframework.boot.test.autoconfigure.web.client.MockRestServiceServerResetTestExecutionListener, org.springframework.boot.test.autoconfigure.web.servlet.MockMvcPrintOnlyOnFailureTestExecutionListener, org.springframework.boot.test.autoconfigure.web.servlet.WebDriverTestExecutionListener, org.springframework.boot.test.autoconfigure.webservices.client.MockWebServiceServerTestExecutionListener, org.springframework.test.context.web.ServletTestExecutionListener, org.springframework.test.context.support.DirtiesContextBeforeModesTestExecutionListener, org.springframework.test.context.event.ApplicationEventsTestExecutionListener, org.springframework.test.context.support.DependencyInjectionTestExecutionListener, org.springframework.test.context.support.DirtiesContextTestExecutionListener, org.springframework.test.context.transaction.TransactionalTestExecutionListener, org.springframework.test.context.jdbc.SqlScriptsTestExecutionListener, org.springframework.test.context.event.EventPublishingTestExecutionListener]
""2022-07-05 00:00:15 [main] INFO  o.s.b.t.c.SpringBootTestContextBootstrapper - Using TestExecutionListeners: [org.springframework.test.context.web.ServletTestExecutionListener@466a5b80, org.springframework.test.context.support.DirtiesContextBeforeModesTestExecutionListener@f6921b7, org.springframework.test.context.event.ApplicationEventsTestExecutionListener@19cee7ed, org.springframework.boot.test.mock.mockito.MockitoTestExecutionListener@4e8e0052, org.springframework.boot.test.autoconfigure.SpringBootDependencyInjectionTestExecutionListener@5a2ce458, org.springframework.test.context.support.DirtiesContextTestExecutionListener@1c8e1233, org.springframework.test.context.transaction.TransactionalTestExecutionListener@72117fc0, org.springframework.test.context.jdbc.SqlScriptsTestExecutionListener@4ca37d40, org.springframework.test.context.event.EventPublishingTestExecutionListener@71904ea8, org.springframework.boot.test.mock.mockito.ResetMocksTestExecutionListener@1d63c523, org.springframework.boot.test.autoconfigure.restdocs.RestDocsTestExecutionListener@64f55630, org.springframework.boot.test.autoconfigure.web.client.MockRestServiceServerResetTestExecutionListener@336b6e93, org.springframework.boot.test.autoconfigure.web.servlet.MockMvcPrintOnlyOnFailureTestExecutionListener@40fd9358, org.springframework.boot.test.autoconfigure.web.servlet.WebDriverTestExecutionListener@43b41cb9, org.springframework.boot.test.autoconfigure.webservices.client.MockWebServiceServerTestExecutionListener@d3e9629]
""2022-07-05 00:00:15 [main] INFO  c.c.d.service.MutualFundServiceTest - Starting MutualFundServiceTest using Java 16.0.1 on LAPTOP-CJKHE4KD with PID 73204 (started by mdsai in C:\Users\mdsai\Downloads\5_6143241665072072678\Portfolio project\DailyMutualFundNAV1\DailyMutualFundNAV)
""2022-07-05 00:00:15 [main] INFO  c.c.d.service.MutualFundServiceTest - No active profile set, falling back to 1 default profile: "default"
""2022-07-05 00:00:15 [main] INFO  o.s.d.r.c.RepositoryConfigurationDelegate - Bootstrapping Spring Data JPA repositories in DEFAULT mode.
""2022-07-05 00:00:15 [main] INFO  o.s.d.r.c.RepositoryConfigurationDelegate - Finished Spring Data repository scanning in 8 ms. Found 1 JPA repository interfaces.
""2022-07-05 00:00:15 [main] INFO  o.s.cloud.context.scope.GenericScope - BeanFactory id=80eb5034-2b3d-3f6a-a91e-56718d1acf68
""2022-07-05 00:00:15 [main] INFO  com.zaxxer.hikari.HikariDataSource - HikariPool-2 - Starting...
""2022-07-05 00:00:15 [main] INFO  com.zaxxer.hikari.HikariDataSource - HikariPool-2 - Start completed.
""2022-07-05 00:00:15 [main] INFO  o.h.jpa.internal.util.LogHelper - HHH000204: Processing PersistenceUnitInfo [name: default]
""2022-07-05 00:00:15 [main] INFO  org.hibernate.dialect.Dialect - HHH000400: Using dialect: org.hibernate.dialect.H2Dialect
""2022-07-05 00:00:15 [main] INFO  o.h.e.t.j.p.i.JtaPlatformInitiator - HHH000490: Using JtaPlatform implementation: [org.hibernate.engine.transaction.jta.platform.internal.NoJtaPlatform]
""2022-07-05 00:00:15 [main] INFO  o.s.o.j.LocalContainerEntityManagerFactoryBean - Initialized JPA EntityManagerFactory for persistence unit 'default'
""2022-07-05 00:00:15 [main] WARN  o.s.b.a.o.j.JpaBaseConfiguration$JpaWebConfiguration - spring.jpa.open-in-view is enabled by default. Therefore, database queries may be performed during view rendering. Explicitly configure spring.jpa.open-in-view to disable this warning
""2022-07-05 00:00:15 [main] INFO  o.s.b.a.h.H2ConsoleAutoConfiguration - H2 console available at '/h2-console'. Database available at 'jdbc:h2:mem:pms'
""2022-07-05 00:00:16 [main] INFO  c.c.d.service.MutualFundServiceTest - Started MutualFundServiceTest in 1.378 seconds (JVM running for 8.84)
""2022-07-05 00:00:16 [SpringApplicationShutdownHook] INFO  o.s.o.j.LocalContainerEntityManagerFactoryBean - Closing JPA EntityManagerFactory for persistence unit 'default'
""2022-07-05 00:00:16 [SpringApplicationShutdownHook] INFO  com.zaxxer.hikari.HikariDataSource - HikariPool-1 - Shutdown initiated...
""2022-07-05 00:00:16 [SpringApplicationShutdownHook] INFO  com.zaxxer.hikari.HikariDataSource - HikariPool-1 - Shutdown completed.
""2022-07-05 00:00:16 [SpringApplicationShutdownHook] INFO  o.s.o.j.LocalContainerEntityManagerFactoryBean - Closing JPA EntityManagerFactory for persistence unit 'default'
""2022-07-05 00:00:16 [SpringApplicationShutdownHook] INFO  com.zaxxer.hikari.HikariDataSource - HikariPool-2 - Shutdown initiated...
""2022-07-05 00:00:16 [SpringApplicationShutdownHook] INFO  com.zaxxer.hikari.HikariDataSource - HikariPool-2 - Shutdown completed.
""2022-07-05 09:33:05 [restartedMain] INFO  c.c.d.DailyMutualFundNavApplication - Starting DailyMutualFundNavApplication using Java 16.0.1 on LAPTOP-CJKHE4KD with PID 19688 (C:\Users\mdsai\Downloads\5_6143241665072072678\Portfolio project\DailyMutualFundNAV1\DailyMutualFundNAV\target\classes started by mdsai in C:\Users\mdsai\Downloads\5_6143241665072072678\Portfolio project\DailyMutualFundNAV1\DailyMutualFundNAV)
""2022-07-05 09:33:05 [restartedMain] INFO  c.c.d.DailyMutualFundNavApplication - No active profile set, falling back to 1 default profile: "default"
""2022-07-05 09:33:05 [restartedMain] INFO  o.s.b.d.e.DevToolsPropertyDefaultsPostProcessor - Devtools property defaults active! Set 'spring.devtools.add-properties' to 'false' to disable
""2022-07-05 09:33:05 [restartedMain] INFO  o.s.b.d.e.DevToolsPropertyDefaultsPostProcessor - For additional web related logging consider setting the 'logging.level.web' property to 'DEBUG'
""2022-07-05 09:33:06 [restartedMain] INFO  o.s.d.r.c.RepositoryConfigurationDelegate - Bootstrapping Spring Data JPA repositories in DEFAULT mode.
""2022-07-05 09:33:06 [restartedMain] INFO  o.s.d.r.c.RepositoryConfigurationDelegate - Finished Spring Data repository scanning in 66 ms. Found 1 JPA repository interfaces.
""2022-07-05 09:33:06 [restartedMain] INFO  o.s.cloud.context.scope.GenericScope - BeanFactory id=e84946eb-5f8a-3fb9-8862-03e2e6f71411
""2022-07-05 09:33:07 [restartedMain] INFO  o.s.b.w.e.tomcat.TomcatWebServer - Tomcat initialized with port(s): 8083 (http)
""2022-07-05 09:33:07 [restartedMain] INFO  o.a.catalina.core.StandardService - Starting service [Tomcat]
""2022-07-05 09:33:07 [restartedMain] INFO  o.a.catalina.core.StandardEngine - Starting Servlet engine: [Apache Tomcat/9.0.58]
""2022-07-05 09:33:07 [restartedMain] INFO  o.a.c.c.C.[Tomcat].[localhost].[/] - Initializing Spring embedded WebApplicationContext
""2022-07-05 09:33:07 [restartedMain] INFO  o.s.b.w.s.c.ServletWebServerApplicationContext - Root WebApplicationContext: initialization completed in 2169 ms
""2022-07-05 09:33:07 [restartedMain] INFO  com.zaxxer.hikari.HikariDataSource - HikariPool-1 - Starting...
""2022-07-05 09:33:07 [restartedMain] INFO  com.zaxxer.hikari.HikariDataSource - HikariPool-1 - Start completed.
""2022-07-05 09:33:07 [restartedMain] INFO  o.s.b.a.h.H2ConsoleAutoConfiguration - H2 console available at '/h2-console'. Database available at 'jdbc:h2:mem:pms'
""2022-07-05 09:33:07 [restartedMain] INFO  o.h.jpa.internal.util.LogHelper - HHH000204: Processing PersistenceUnitInfo [name: default]
""2022-07-05 09:33:07 [restartedMain] INFO  org.hibernate.Version - HHH000412: Hibernate ORM core version 5.6.5.Final
""2022-07-05 09:33:08 [restartedMain] INFO  o.h.annotations.common.Version - HCANN000001: Hibernate Commons Annotations {5.1.2.Final}
""2022-07-05 09:33:08 [restartedMain] INFO  org.hibernate.dialect.Dialect - HHH000400: Using dialect: org.hibernate.dialect.H2Dialect
""2022-07-05 09:33:08 [restartedMain] INFO  o.h.e.t.j.p.i.JtaPlatformInitiator - HHH000490: Using JtaPlatform implementation: [org.hibernate.engine.transaction.jta.platform.internal.NoJtaPlatform]
""2022-07-05 09:33:08 [restartedMain] INFO  o.s.o.j.LocalContainerEntityManagerFactoryBean - Initialized JPA EntityManagerFactory for persistence unit 'default'
""2022-07-05 09:33:09 [restartedMain] WARN  o.s.b.a.o.j.JpaBaseConfiguration$JpaWebConfiguration - spring.jpa.open-in-view is enabled by default. Therefore, database queries may be performed during view rendering. Explicitly configure spring.jpa.open-in-view to disable this warning
""2022-07-05 09:33:09 [restartedMain] WARN  o.s.b.d.a.OptionalLiveReloadServer - Unable to start LiveReload server
""2022-07-05 09:33:10 [restartedMain] INFO  o.s.b.w.e.tomcat.TomcatWebServer - Tomcat started on port(s): 8083 (http) with context path ''
""2022-07-05 09:33:10 [restartedMain] INFO  c.c.d.DailyMutualFundNavApplication - Started DailyMutualFundNavApplication in 5.546 seconds (JVM running for 6.112)
""2022-07-05 09:57:03 [HikariPool-1 housekeeper] WARN  com.zaxxer.hikari.pool.HikariPool - HikariPool-1 - Thread starvation or clock leap detected (housekeeper delta=1m25s488ms249µs499ns).
""2022-07-05 10:32:15 [HikariPool-1 housekeeper] WARN  com.zaxxer.hikari.pool.HikariPool - HikariPool-1 - Thread starvation or clock leap detected (housekeeper delta=20m41s57ms960µs600ns).
""2022-07-05 10:57:05 [Thread-1] INFO  o.s.o.j.LocalContainerEntityManagerFactoryBean - Closing JPA EntityManagerFactory for persistence unit 'default'
""2022-07-05 10:57:05 [Thread-1] WARN  o.s.b.f.s.DisposableBeanAdapter - Invocation of destroy method failed on bean with name 'inMemoryDatabaseShutdownExecutor': org.h2.jdbc.JdbcSQLNonTransientConnectionException: Database is already closed (to disable automatic closing at VM shutdown, add ";DB_CLOSE_ON_EXIT=FALSE" to the db URL) [90121-200]
""2022-07-05 10:57:05 [Thread-1] INFO  com.zaxxer.hikari.HikariDataSource - HikariPool-1 - Shutdown initiated...
""2022-07-05 10:57:05 [Thread-1] INFO  com.zaxxer.hikari.HikariDataSource - HikariPool-1 - Shutdown completed.
""2022-07-05 10:57:15 [restartedMain] INFO  c.c.d.DailyMutualFundNavApplication - Starting DailyMutualFundNavApplication using Java 16.0.1 on LAPTOP-CJKHE4KD with PID 19688 (C:\Users\mdsai\Downloads\5_6143241665072072678\Portfolio project\DailyMutualFundNAV1\DailyMutualFundNAV\target\classes started by mdsai in C:\Users\mdsai\Downloads\5_6143241665072072678\Portfolio project\DailyMutualFundNAV1\DailyMutualFundNAV)
""2022-07-05 10:57:15 [restartedMain] INFO  c.c.d.DailyMutualFundNavApplication - No active profile set, falling back to 1 default profile: "default"
""2022-07-05 10:57:15 [restartedMain] INFO  o.s.d.r.c.RepositoryConfigurationDelegate - Bootstrapping Spring Data JPA repositories in DEFAULT mode.
""2022-07-05 10:57:15 [restartedMain] INFO  o.s.d.r.c.RepositoryConfigurationDelegate - Finished Spring Data repository scanning in 9 ms. Found 1 JPA repository interfaces.
""2022-07-05 10:57:15 [restartedMain] INFO  o.s.cloud.context.scope.GenericScope - BeanFactory id=e84946eb-5f8a-3fb9-8862-03e2e6f71411
""2022-07-05 10:57:15 [restartedMain] INFO  o.s.b.w.e.tomcat.TomcatWebServer - Tomcat initialized with port(s): 8083 (http)
""2022-07-05 10:57:15 [restartedMain] INFO  o.a.catalina.core.StandardService - Starting service [Tomcat]
""2022-07-05 10:57:15 [restartedMain] INFO  o.a.catalina.core.StandardEngine - Starting Servlet engine: [Apache Tomcat/9.0.58]
""2022-07-05 10:57:15 [restartedMain] INFO  o.a.c.c.C.[Tomcat-1].[localhost].[/] - Initializing Spring embedded WebApplicationContext
""2022-07-05 10:57:15 [restartedMain] INFO  o.s.b.w.s.c.ServletWebServerApplicationContext - Root WebApplicationContext: initialization completed in 597 ms
""2022-07-05 10:57:15 [restartedMain] INFO  com.zaxxer.hikari.HikariDataSource - HikariPool-3 - Starting...
""2022-07-05 10:57:15 [restartedMain] INFO  com.zaxxer.hikari.HikariDataSource - HikariPool-3 - Start completed.
""2022-07-05 10:57:15 [restartedMain] INFO  o.s.b.a.h.H2ConsoleAutoConfiguration - H2 console available at '/h2-console'. Database available at 'jdbc:h2:mem:pms'
""2022-07-05 10:57:15 [restartedMain] INFO  o.h.jpa.internal.util.LogHelper - HHH000204: Processing PersistenceUnitInfo [name: default]
""2022-07-05 10:57:15 [restartedMain] INFO  org.hibernate.dialect.Dialect - HHH000400: Using dialect: org.hibernate.dialect.H2Dialect
""2022-07-05 10:57:15 [restartedMain] INFO  o.h.e.t.j.p.i.JtaPlatformInitiator - HHH000490: Using JtaPlatform implementation: [org.hibernate.engine.transaction.jta.platform.internal.NoJtaPlatform]
""2022-07-05 10:57:15 [restartedMain] INFO  o.s.o.j.LocalContainerEntityManagerFactoryBean - Initialized JPA EntityManagerFactory for persistence unit 'default'
""2022-07-05 10:57:15 [restartedMain] WARN  o.s.b.a.o.j.JpaBaseConfiguration$JpaWebConfiguration - spring.jpa.open-in-view is enabled by default. Therefore, database queries may be performed during view rendering. Explicitly configure spring.jpa.open-in-view to disable this warning
""2022-07-05 10:57:15 [restartedMain] WARN  o.s.b.d.a.OptionalLiveReloadServer - Unable to start LiveReload server
""2022-07-05 10:57:16 [restartedMain] INFO  o.s.b.w.e.tomcat.TomcatWebServer - Tomcat started on port(s): 8083 (http) with context path ''
""2022-07-05 10:57:16 [restartedMain] INFO  c.c.d.DailyMutualFundNavApplication - Started DailyMutualFundNavApplication in 1.225 seconds (JVM running for 5051.96)
""2022-07-05 10:57:16 [restartedMain] INFO  o.s.b.d.a.ConditionEvaluationDeltaLoggingListener - Condition evaluation unchanged
""2022-07-05 10:58:03 [Thread-8] INFO  o.s.o.j.LocalContainerEntityManagerFactoryBean - Closing JPA EntityManagerFactory for persistence unit 'default'
""2022-07-05 10:58:03 [Thread-8] WARN  o.s.b.f.s.DisposableBeanAdapter - Invocation of destroy method failed on bean with name 'inMemoryDatabaseShutdownExecutor': org.h2.jdbc.JdbcSQLNonTransientConnectionException: Database is already closed (to disable automatic closing at VM shutdown, add ";DB_CLOSE_ON_EXIT=FALSE" to the db URL) [90121-200]
""2022-07-05 10:58:03 [Thread-8] INFO  com.zaxxer.hikari.HikariDataSource - HikariPool-3 - Shutdown initiated...
""2022-07-05 10:58:03 [Thread-8] INFO  com.zaxxer.hikari.HikariDataSource - HikariPool-3 - Shutdown completed.
""2022-07-05 11:19:53 [restartedMain] INFO  c.c.d.DailyMutualFundNavApplication - Starting DailyMutualFundNavApplication using Java 16.0.1 on LAPTOP-CJKHE4KD with PID 9788 (C:\Users\mdsai\Downloads\5_6143241665072072678\Portfolio project\DailyMutualFundNAV1\DailyMutualFundNAV\target\classes started by mdsai in C:\Users\mdsai\Downloads\5_6143241665072072678\Portfolio project\DailyMutualFundNAV1\DailyMutualFundNAV)
""2022-07-05 11:19:53 [restartedMain] INFO  c.c.d.DailyMutualFundNavApplication - No active profile set, falling back to 1 default profile: "default"
""2022-07-05 11:19:54 [restartedMain] INFO  o.s.b.d.e.DevToolsPropertyDefaultsPostProcessor - Devtools property defaults active! Set 'spring.devtools.add-properties' to 'false' to disable
""2022-07-05 11:19:54 [restartedMain] INFO  o.s.b.d.e.DevToolsPropertyDefaultsPostProcessor - For additional web related logging consider setting the 'logging.level.web' property to 'DEBUG'
""2022-07-05 11:19:54 [restartedMain] INFO  o.s.d.r.c.RepositoryConfigurationDelegate - Bootstrapping Spring Data JPA repositories in DEFAULT mode.
""2022-07-05 11:19:55 [restartedMain] INFO  o.s.d.r.c.RepositoryConfigurationDelegate - Finished Spring Data repository scanning in 41 ms. Found 1 JPA repository interfaces.
""2022-07-05 11:19:55 [restartedMain] INFO  o.s.cloud.context.scope.GenericScope - BeanFactory id=e84946eb-5f8a-3fb9-8862-03e2e6f71411
""2022-07-05 11:19:55 [restartedMain] INFO  o.s.b.w.e.tomcat.TomcatWebServer - Tomcat initialized with port(s): 8083 (http)
""2022-07-05 11:19:55 [restartedMain] INFO  o.a.catalina.core.StandardService - Starting service [Tomcat]
""2022-07-05 11:19:55 [restartedMain] INFO  o.a.catalina.core.StandardEngine - Starting Servlet engine: [Apache Tomcat/9.0.58]
""2022-07-05 11:19:56 [restartedMain] INFO  o.a.c.c.C.[Tomcat].[localhost].[/] - Initializing Spring embedded WebApplicationContext
""2022-07-05 11:19:56 [restartedMain] INFO  o.s.b.w.s.c.ServletWebServerApplicationContext - Root WebApplicationContext: initialization completed in 2010 ms
""2022-07-05 11:19:56 [restartedMain] INFO  com.zaxxer.hikari.HikariDataSource - HikariPool-1 - Starting...
""2022-07-05 11:19:56 [restartedMain] INFO  com.zaxxer.hikari.HikariDataSource - HikariPool-1 - Start completed.
""2022-07-05 11:19:56 [restartedMain] INFO  o.s.b.a.h.H2ConsoleAutoConfiguration - H2 console available at '/h2-console'. Database available at 'jdbc:h2:mem:pms'
""2022-07-05 11:19:56 [restartedMain] INFO  o.h.jpa.internal.util.LogHelper - HHH000204: Processing PersistenceUnitInfo [name: default]
""2022-07-05 11:19:56 [restartedMain] INFO  org.hibernate.Version - HHH000412: Hibernate ORM core version 5.6.5.Final
""2022-07-05 11:19:56 [restartedMain] INFO  o.h.annotations.common.Version - HCANN000001: Hibernate Commons Annotations {5.1.2.Final}
""2022-07-05 11:19:56 [restartedMain] INFO  org.hibernate.dialect.Dialect - HHH000400: Using dialect: org.hibernate.dialect.H2Dialect
""2022-07-05 11:19:57 [restartedMain] INFO  o.h.e.t.j.p.i.JtaPlatformInitiator - HHH000490: Using JtaPlatform implementation: [org.hibernate.engine.transaction.jta.platform.internal.NoJtaPlatform]
""2022-07-05 11:19:57 [restartedMain] INFO  o.s.o.j.LocalContainerEntityManagerFactoryBean - Initialized JPA EntityManagerFactory for persistence unit 'default'
""2022-07-05 11:19:57 [restartedMain] WARN  o.s.b.a.o.j.JpaBaseConfiguration$JpaWebConfiguration - spring.jpa.open-in-view is enabled by default. Therefore, database queries may be performed during view rendering. Explicitly configure spring.jpa.open-in-view to disable this warning
""2022-07-05 11:19:57 [restartedMain] WARN  o.s.b.d.a.OptionalLiveReloadServer - Unable to start LiveReload server
""2022-07-05 11:19:58 [restartedMain] INFO  o.s.b.w.e.tomcat.TomcatWebServer - Tomcat started on port(s): 8083 (http) with context path ''
""2022-07-05 11:19:58 [restartedMain] INFO  c.c.d.DailyMutualFundNavApplication - Started DailyMutualFundNavApplication in 5.193 seconds (JVM running for 5.765)
""2022-07-05 11:33:07 [http-nio-8083-exec-1] INFO  o.a.c.c.C.[Tomcat].[localhost].[/] - Initializing Spring DispatcherServlet 'dispatcherServlet'
""2022-07-05 11:33:07 [http-nio-8083-exec-1] INFO  o.s.web.servlet.DispatcherServlet - Initializing Servlet 'dispatcherServlet'
""2022-07-05 11:33:07 [http-nio-8083-exec-1] INFO  o.s.web.servlet.DispatcherServlet - Completed initialization in 45 ms
""2022-07-05 13:59:34 [restartedMain] INFO  c.c.d.DailyMutualFundNavApplication - Starting DailyMutualFundNavApplication using Java 16.0.1 on LAPTOP-CJKHE4KD with PID 9420 (C:\Users\mdsai\Downloads\5_6143241665072072678\Portfolio project\DailyMutualFundNAV1\DailyMutualFundNAV\target\classes started by mdsai in C:\Users\mdsai\Downloads\5_6143241665072072678\Portfolio project\DailyMutualFundNAV1\DailyMutualFundNAV)
""2022-07-05 13:59:34 [restartedMain] INFO  c.c.d.DailyMutualFundNavApplication - No active profile set, falling back to 1 default profile: "default"
""2022-07-05 13:59:34 [restartedMain] INFO  o.s.b.d.e.DevToolsPropertyDefaultsPostProcessor - Devtools property defaults active! Set 'spring.devtools.add-properties' to 'false' to disable
""2022-07-05 13:59:34 [restartedMain] INFO  o.s.b.d.e.DevToolsPropertyDefaultsPostProcessor - For additional web related logging consider setting the 'logging.level.web' property to 'DEBUG'
""2022-07-05 13:59:35 [restartedMain] INFO  o.s.d.r.c.RepositoryConfigurationDelegate - Bootstrapping Spring Data JPA repositories in DEFAULT mode.
""2022-07-05 13:59:35 [restartedMain] INFO  o.s.d.r.c.RepositoryConfigurationDelegate - Finished Spring Data repository scanning in 45 ms. Found 1 JPA repository interfaces.
""2022-07-05 13:59:35 [restartedMain] INFO  o.s.cloud.context.scope.GenericScope - BeanFactory id=e84946eb-5f8a-3fb9-8862-03e2e6f71411
""2022-07-05 13:59:36 [restartedMain] INFO  o.s.b.w.e.tomcat.TomcatWebServer - Tomcat initialized with port(s): 8083 (http)
""2022-07-05 13:59:36 [restartedMain] INFO  o.a.catalina.core.StandardService - Starting service [Tomcat]
""2022-07-05 13:59:36 [restartedMain] INFO  o.a.catalina.core.StandardEngine - Starting Servlet engine: [Apache Tomcat/9.0.58]
""2022-07-05 13:59:36 [restartedMain] INFO  o.a.c.c.C.[Tomcat].[localhost].[/] - Initializing Spring embedded WebApplicationContext
""2022-07-05 13:59:36 [restartedMain] INFO  o.s.b.w.s.c.ServletWebServerApplicationContext - Root WebApplicationContext: initialization completed in 2004 ms
""2022-07-05 13:59:36 [restartedMain] INFO  com.zaxxer.hikari.HikariDataSource - HikariPool-1 - Starting...
""2022-07-05 13:59:36 [restartedMain] INFO  com.zaxxer.hikari.HikariDataSource - HikariPool-1 - Start completed.
""2022-07-05 13:59:36 [restartedMain] INFO  o.s.b.a.h.H2ConsoleAutoConfiguration - H2 console available at '/h2-console'. Database available at 'jdbc:h2:mem:pms'
""2022-07-05 13:59:36 [restartedMain] INFO  o.h.jpa.internal.util.LogHelper - HHH000204: Processing PersistenceUnitInfo [name: default]
""2022-07-05 13:59:36 [restartedMain] INFO  org.hibernate.Version - HHH000412: Hibernate ORM core version 5.6.5.Final
""2022-07-05 13:59:37 [restartedMain] INFO  o.h.annotations.common.Version - HCANN000001: Hibernate Commons Annotations {5.1.2.Final}
""2022-07-05 13:59:37 [restartedMain] INFO  org.hibernate.dialect.Dialect - HHH000400: Using dialect: org.hibernate.dialect.H2Dialect
""2022-07-05 13:59:37 [restartedMain] INFO  o.h.e.t.j.p.i.JtaPlatformInitiator - HHH000490: Using JtaPlatform implementation: [org.hibernate.engine.transaction.jta.platform.internal.NoJtaPlatform]
""2022-07-05 13:59:37 [restartedMain] INFO  o.s.o.j.LocalContainerEntityManagerFactoryBean - Initialized JPA EntityManagerFactory for persistence unit 'default'
""2022-07-05 13:59:38 [restartedMain] WARN  o.s.b.a.o.j.JpaBaseConfiguration$JpaWebConfiguration - spring.jpa.open-in-view is enabled by default. Therefore, database queries may be performed during view rendering. Explicitly configure spring.jpa.open-in-view to disable this warning
""2022-07-05 13:59:38 [restartedMain] WARN  o.s.b.d.a.OptionalLiveReloadServer - Unable to start LiveReload server
""2022-07-05 13:59:38 [restartedMain] INFO  o.s.b.w.e.tomcat.TomcatWebServer - Tomcat started on port(s): 8083 (http) with context path ''
""2022-07-05 13:59:39 [restartedMain] INFO  c.c.d.DailyMutualFundNavApplication - Started DailyMutualFundNavApplication in 5.346 seconds (JVM running for 5.925)
""2022-07-05 17:29:12 [restartedMain] INFO  c.c.d.DailyMutualFundNavApplication - Starting DailyMutualFundNavApplication using Java 16.0.1 on LAPTOP-CJKHE4KD with PID 3692 (C:\Users\mdsai\Downloads\5_6143241665072072678\Portfolio project\DailyMutualFundNAV1\DailyMutualFundNAV\target\classes started by mdsai in C:\Users\mdsai\Downloads\5_6143241665072072678\Portfolio project\DailyMutualFundNAV1\DailyMutualFundNAV)
""2022-07-05 17:29:12 [restartedMain] INFO  c.c.d.DailyMutualFundNavApplication - No active profile set, falling back to 1 default profile: "default"
""2022-07-05 17:29:12 [restartedMain] INFO  o.s.b.d.e.DevToolsPropertyDefaultsPostProcessor - Devtools property defaults active! Set 'spring.devtools.add-properties' to 'false' to disable
""2022-07-05 17:29:12 [restartedMain] INFO  o.s.b.d.e.DevToolsPropertyDefaultsPostProcessor - For additional web related logging consider setting the 'logging.level.web' property to 'DEBUG'
""2022-07-05 17:29:13 [restartedMain] INFO  o.s.d.r.c.RepositoryConfigurationDelegate - Bootstrapping Spring Data JPA repositories in DEFAULT mode.
""2022-07-05 17:29:13 [restartedMain] INFO  o.s.d.r.c.RepositoryConfigurationDelegate - Finished Spring Data repository scanning in 54 ms. Found 1 JPA repository interfaces.
""2022-07-05 17:29:13 [restartedMain] INFO  o.s.cloud.context.scope.GenericScope - BeanFactory id=e84946eb-5f8a-3fb9-8862-03e2e6f71411
""2022-07-05 17:29:14 [restartedMain] INFO  o.s.b.w.e.tomcat.TomcatWebServer - Tomcat initialized with port(s): 8083 (http)
""2022-07-05 17:29:14 [restartedMain] INFO  o.a.catalina.core.StandardService - Starting service [Tomcat]
""2022-07-05 17:29:14 [restartedMain] INFO  o.a.catalina.core.StandardEngine - Starting Servlet engine: [Apache Tomcat/9.0.58]
""2022-07-05 17:29:14 [restartedMain] INFO  o.a.c.c.C.[Tomcat].[localhost].[/] - Initializing Spring embedded WebApplicationContext
""2022-07-05 17:29:14 [restartedMain] INFO  o.s.b.w.s.c.ServletWebServerApplicationContext - Root WebApplicationContext: initialization completed in 2123 ms
""2022-07-05 17:29:14 [restartedMain] INFO  com.zaxxer.hikari.HikariDataSource - HikariPool-1 - Starting...
""2022-07-05 17:29:14 [restartedMain] INFO  com.zaxxer.hikari.HikariDataSource - HikariPool-1 - Start completed.
""2022-07-05 17:29:14 [restartedMain] INFO  o.s.b.a.h.H2ConsoleAutoConfiguration - H2 console available at '/h2-console'. Database available at 'jdbc:h2:mem:pms'
""2022-07-05 17:29:14 [restartedMain] INFO  o.h.jpa.internal.util.LogHelper - HHH000204: Processing PersistenceUnitInfo [name: default]
""2022-07-05 17:29:14 [restartedMain] INFO  org.hibernate.Version - HHH000412: Hibernate ORM core version 5.6.5.Final
""2022-07-05 17:29:15 [restartedMain] INFO  o.h.annotations.common.Version - HCANN000001: Hibernate Commons Annotations {5.1.2.Final}
""2022-07-05 17:29:15 [restartedMain] INFO  org.hibernate.dialect.Dialect - HHH000400: Using dialect: org.hibernate.dialect.H2Dialect
""2022-07-05 17:29:15 [restartedMain] INFO  o.h.e.t.j.p.i.JtaPlatformInitiator - HHH000490: Using JtaPlatform implementation: [org.hibernate.engine.transaction.jta.platform.internal.NoJtaPlatform]
""2022-07-05 17:29:15 [restartedMain] INFO  o.s.o.j.LocalContainerEntityManagerFactoryBean - Initialized JPA EntityManagerFactory for persistence unit 'default'
""2022-07-05 17:29:16 [restartedMain] WARN  o.s.b.a.o.j.JpaBaseConfiguration$JpaWebConfiguration - spring.jpa.open-in-view is enabled by default. Therefore, database queries may be performed during view rendering. Explicitly configure spring.jpa.open-in-view to disable this warning
""2022-07-05 17:29:16 [restartedMain] WARN  o.s.b.d.a.OptionalLiveReloadServer - Unable to start LiveReload server
""2022-07-05 17:29:16 [restartedMain] INFO  o.s.b.w.e.tomcat.TomcatWebServer - Tomcat started on port(s): 8083 (http) with context path ''
""2022-07-05 17:29:17 [restartedMain] INFO  c.c.d.DailyMutualFundNavApplication - Started DailyMutualFundNavApplication in 5.428 seconds (JVM running for 5.979)
""2022-07-05 17:35:59 [http-nio-8083-exec-1] INFO  o.a.c.c.C.[Tomcat].[localhost].[/] - Initializing Spring DispatcherServlet 'dispatcherServlet'
""2022-07-05 17:35:59 [http-nio-8083-exec-1] INFO  o.s.web.servlet.DispatcherServlet - Initializing Servlet 'dispatcherServlet'
""2022-07-05 17:35:59 [http-nio-8083-exec-1] INFO  o.s.web.servlet.DispatcherServlet - Completed initialization in 8 ms
""2022-07-05 17:36:48 [http-nio-8083-exec-6] INFO  c.c.d.c.MutualFundController - Fetching MutualFund using MutualName
""2022-07-05 17:36:49 [http-nio-8083-exec-5] INFO  c.c.d.c.MutualFundController - Fetching MutualFund using MutualName
""2022-07-05 17:36:49 [http-nio-8083-exec-7] INFO  c.c.d.c.MutualFundController - Fetching MutualFund using MutualName
""2022-07-05 17:36:49 [http-nio-8083-exec-8] INFO  c.c.d.c.MutualFundController - Fetching MutualFund using MutualName
""2022-07-05 17:36:54 [http-nio-8083-exec-10] INFO  c.c.d.c.MutualFundController - Fetching MutualFund using MutualName
""2022-07-05 17:36:54 [http-nio-8083-exec-9] INFO  c.c.d.c.MutualFundController - Fetching MutualFund using MutualName
""2022-07-05 17:37:00 [http-nio-8083-exec-2] INFO  c.c.d.c.MutualFundController - Fetching MutualFund using MutualName
""2022-07-05 17:37:00 [http-nio-8083-exec-3] INFO  c.c.d.c.MutualFundController - Fetching MutualFund using MutualName
""2022-07-05 17:37:00 [http-nio-8083-exec-4] INFO  c.c.d.c.MutualFundController - Fetching MutualFund using MutualName
""2022-07-05 17:37:00 [http-nio-8083-exec-5] INFO  c.c.d.c.MutualFundController - Fetching MutualFund using MutualName
""2022-07-05 17:37:07 [http-nio-8083-exec-6] INFO  c.c.d.c.MutualFundController - Fetching MutualFund using MutualName
""2022-07-05 17:37:07 [http-nio-8083-exec-7] INFO  c.c.d.c.MutualFundController - Fetching MutualFund using MutualName
""2022-07-05 17:37:32 [http-nio-8083-exec-8] INFO  c.c.d.c.MutualFundController - Fetching MutualFund using MutualName
""2022-07-05 17:37:32 [http-nio-8083-exec-10] INFO  c.c.d.c.MutualFundController - Fetching MutualFund using MutualName
""2022-07-05 17:37:32 [http-nio-8083-exec-1] INFO  c.c.d.c.MutualFundController - Fetching MutualFund using MutualName
""2022-07-05 17:37:32 [http-nio-8083-exec-9] INFO  c.c.d.c.MutualFundController - Fetching MutualFund using MutualName
""2022-07-05 17:37:41 [http-nio-8083-exec-3] INFO  c.c.d.c.MutualFundController - Fetching MutualFund using MutualName
""2022-07-05 17:37:41 [http-nio-8083-exec-2] INFO  c.c.d.c.MutualFundController - Fetching MutualFund using MutualName
""2022-07-05 17:37:41 [http-nio-8083-exec-4] INFO  c.c.d.c.MutualFundController - Fetching MutualFund using MutualName
""2022-07-05 17:37:41 [http-nio-8083-exec-5] INFO  c.c.d.c.MutualFundController - Fetching MutualFund using MutualName
""2022-07-05 17:38:11 [http-nio-8083-exec-8] INFO  c.c.d.c.MutualFundController - Fetching MutualFund using MutualName
""2022-07-05 17:38:11 [http-nio-8083-exec-10] INFO  c.c.d.c.MutualFundController - Fetching MutualFund using MutualName
""2022-07-05 17:38:50 [http-nio-8083-exec-3] INFO  c.c.d.c.MutualFundController - Fetching MutualFund using MutualName
""2022-07-05 17:38:50 [http-nio-8083-exec-9] INFO  c.c.d.c.MutualFundController - Fetching MutualFund using MutualName
""2022-07-05 17:38:50 [http-nio-8083-exec-2] INFO  c.c.d.c.MutualFundController - Fetching MutualFund using MutualName
""2022-07-05 17:38:50 [http-nio-8083-exec-4] INFO  c.c.d.c.MutualFundController - Fetching MutualFund using MutualName
""2022-07-05 17:38:55 [http-nio-8083-exec-5] INFO  c.c.d.c.MutualFundController - Fetching MutualFund using MutualName
""2022-07-05 17:38:55 [http-nio-8083-exec-6] INFO  c.c.d.c.MutualFundController - Fetching MutualFund using MutualName
""2022-07-05 17:39:25 [http-nio-8083-exec-10] INFO  c.c.d.c.MutualFundController - Fetching MutualFund using MutualName
""2022-07-05 17:39:25 [http-nio-8083-exec-1] INFO  c.c.d.c.MutualFundController - Fetching MutualFund using MutualName
""2022-07-05 17:39:25 [http-nio-8083-exec-9] INFO  c.c.d.c.MutualFundController - Fetching MutualFund using MutualName
""2022-07-05 17:39:25 [http-nio-8083-exec-3] INFO  c.c.d.c.MutualFundController - Fetching MutualFund using MutualName
""2022-07-05 17:41:32 [http-nio-8083-exec-6] INFO  c.c.d.c.MutualFundController - Fetching MutualFund using MutualName
""2022-07-05 17:41:32 [http-nio-8083-exec-5] INFO  c.c.d.c.MutualFundController - Fetching MutualFund using MutualName
""2022-07-05 17:41:33 [http-nio-8083-exec-8] INFO  c.c.d.c.MutualFundController - Fetching MutualFund using MutualName
""2022-07-05 17:41:54 [http-nio-8083-exec-7] INFO  c.c.d.c.MutualFundController - Fetching MutualFund using MutualName
""2022-07-05 17:41:54 [http-nio-8083-exec-10] INFO  c.c.d.c.MutualFundController - Fetching MutualFund using MutualName
""2022-07-05 17:41:59 [http-nio-8083-exec-1] INFO  c.c.d.c.MutualFundController - Fetching MutualFund using MutualName
""2022-07-05 17:57:30 [HikariPool-1 housekeeper] WARN  com.zaxxer.hikari.pool.HikariPool - HikariPool-1 - Thread starvation or clock leap detected (housekeeper delta=14m45s563ms745µs400ns).
"